3.7109 	WARNING 	We strongly recommend you activate the PTB sound engine in PsychoPy prefs as the preferred audio engine. Its timing is vastly superior. Your prefs are currently set to use ['sounddevice', 'PTB', 'pyo', 'pygame'] (in that order).
8.4634 	INFO 	---START PARAMETERS---
8.4634 	INFO 	filename: LetterOrderTask_d2-1-1-10_30_1229
8.4635 	INFO 	subject: 1
8.4635 	INFO 	session: 1
8.4635 	INFO 	date: 10_30_1229
8.4635 	INFO 	cueDur: 0.5
8.4635 	INFO 	cues: ['REMEMBER', 'ALPHABETIZE']
8.4635 	INFO 	fixCrossPos: [0, 0]
8.4635 	INFO 	fixCrossSize: 50
8.4635 	INFO 	fullScreen: True
8.4635 	INFO 	letters: ABCDEFGHIJKLMNOPQRSTUVWXYZ
8.4635 	INFO 	maxDelayDur: 18
8.4635 	INFO 	maxISI: 10
8.4636 	INFO 	minDelayDur: 12
8.4636 	INFO 	minISI: 5
8.4636 	INFO 	nLetters: 5
8.4636 	INFO 	nTrials: 12
8.4636 	INFO 	pauseDur: 1
8.4636 	INFO 	promptDir: Prompts/
8.4636 	INFO 	promptFile: LetterOrderPrompts.txt
8.4636 	INFO 	rememberProb: 0.5
8.4636 	INFO 	respKeys: ['g', 'b']
8.4636 	INFO 	screenColor: (128, 128, 128)
8.4637 	INFO 	screenToShow: 0
8.4637 	INFO 	skipPrompts: False
8.4637 	INFO 	stringDur: 2.5
8.4637 	INFO 	tCoolDown: 10
8.4637 	INFO 	tStartup: 10
8.4637 	INFO 	testDur: 1
8.4637 	INFO 	triggerKey: t
8.4637 	INFO 	trueProb: 0.5
8.4637 	INFO 	---END PARAMETERS---
9.9772 	INFO 	Loaded monitor calibration from ['2021_08_18 14:02']
10.7874 	EXP 	Created win = Window(allowGUI=False, allowStencil=False, autoLog=True, backendConf=UNKNOWN, bitsMode=UNKNOWN, blendMode='avg', bpc=(8, 8, 8), color=array([128, 128, 128]), colorSpace='rgb255', depthBits=8, fullscr=<method-wrapper '__getattribute__' of attributeSetter object at 0x7f9786c3d760>, gamma=None, gammaErrorPolicy='raise', lms=UNKNOWN, monitor=<psychopy.monitors.calibTools.Monitor object at 0x7f97868eb8b0>, multiSample=False, name='win', numSamples=2, pos=[0.0, 0.0], screen=0, size=array([1440,  900]), stencilBits=0, stereo=False, units='deg', useFBO=False, useRetina=False, viewOri=0.0, viewPos=None, viewScale=None, waitBlanking=True, winType='pyglet')
10.7876 	EXP 	win: mouseVisible = True
10.7926 	EXP 	Created fixCross = ShapeStim(__class__=<class 'psychopy.visual.shape.ShapeStim'>, autoDraw=False, autoLog=True, closeShape=False, color=method-wrapper(...), colorSpace='rgb', contrast=None, depth=0, fillColor=array([0, 0, 0]), fillColorSpace='rgb', fillRGB=array([0, 0, 0]), interpolate=True, lineColor=array([-1., -1., -1.]), lineColorSpace='rgb', lineRGB=array([-1., -1., -1.]), lineWidth=3.0, name='fixCross', opacity=0.5, ori=0.0, pos=array([0., 0.]), size=array([1., 1.]), units='pix', vertices=ndarray(...), win=Window(...), windingRule=None)
10.7929 	WARNING 	TextStim.alignHoriz is deprecated. Use alignText and anchorHoriz attributes instead
10.8491 	EXP 	Created topMsg = TextStim(__class__=<class 'psychopy.visual.text.TextStim'>, alignHoriz='center', alignText='center', alignVert=method-wrapper(...), anchorHoriz='center', anchorVert='center', antialias=True, autoLog=True, bold=False, color=array([-1., -1., -1.]), colorSpace='rgb', contrast=1.0, depth=0, flipHoriz=False, flipVert=False, font='', fontFiles=[], height=0.1, italic=False, languageStyle='LTR', name='topMsg', opacity=1.0, ori=0.0, pos=array([0. , 0.5]), rgb=UNKNOWN, text='aaa', units='norm', win=Window(...), wrapWidth=1.5)
10.8492 	WARNING 	TextStim.alignHoriz is deprecated. Use alignText and anchorHoriz attributes instead
10.8541 	EXP 	Created bottomMsg = TextStim(__class__=<class 'psychopy.visual.text.TextStim'>, alignHoriz='center', alignText='center', alignVert=method-wrapper(...), anchorHoriz='center', anchorVert='center', antialias=True, autoLog=True, bold=False, color=array([-1., -1., -1.]), colorSpace='rgb', contrast=1.0, depth=0, flipHoriz=False, flipVert=False, font='', fontFiles=[], height=0.1, italic=False, languageStyle='LTR', name='bottomMsg', opacity=1.0, ori=0.0, pos=array([ 0. , -0.5]), rgb=UNKNOWN, text='bbb', units='norm', win=Window(...), wrapWidth=1.5)
10.8542 	WARNING 	TextStim.alignHoriz is deprecated. Use alignText and anchorHoriz attributes instead
10.8577 	EXP 	Created mainText = TextStim(__class__=<class 'psychopy.visual.text.TextStim'>, alignHoriz='center', alignText='center', alignVert=method-wrapper(...), anchorHoriz='center', anchorVert='center', antialias=True, autoLog=True, bold=False, color=array([-1., -1., -1.]), colorSpace='rgb', contrast=1.0, depth=0, flipHoriz=False, flipVert=False, font='', fontFiles=[], height=0.1, italic=False, languageStyle='LTR', name='mainText', opacity=1.0, ori=0.0, pos=array([0., 0.]), rgb=UNKNOWN, text='bbb', units='norm', win=Window(...), wrapWidth=3.5)
10.9025 	EXP 	topMsg: text = 'You will see a cross and letters on the screen. Please look directly at the center of the screen (the spot where the cross appears) throughout the experiment.'
10.9025 	EXP 	bottomMsg: text = 'Press any button to continue.'
10.9025 	EXP 	Display Instructions1
11.3233 	DATA 	Keypress: return
11.3548 	EXP 	topMsg: text = "You will see a string of letters, then instructions indicating what you should do with them. If the instructions say 'REMEMBER', remember them in the order you saw them. If they say 'ALPHABETIZE', alphabetize the letters and and remember them in that order. "
11.3548 	EXP 	bottomMsg: text = 'Press any button to continue.'
11.3548 	EXP 	Display Instructions2
11.4957 	DATA 	Keypress: return
11.5223 	EXP 	topMsg: text = "After a delay period, you will see a question like F=3? If that letter was at that position (for F=3?, if F is the third letter in the list you're remembering), press '1'. Otherwise, press '2'. Respond as quickly and accurately as you can. If you're not sure, take your best guess."
11.5223 	EXP 	bottomMsg: text = 'Press any button to continue.'
11.5223 	EXP 	Display Instructions3
11.6827 	DATA 	Keypress: return
11.7165 	EXP 	topMsg: text = 'If you have any questions, please ask the experimenter now.'
11.7165 	EXP 	bottomMsg: text = 'WHEN YOU ARE READY TO BEGIN, press any button.'
11.7165 	EXP 	Display Instructions4
11.8486 	DATA 	Keypress: return
11.8616 	EXP 	topMsg: text = 'Waiting for scanner to start...'
11.8616 	EXP 	bottomMsg: text = "(Press 'T' to override.)"
11.8616 	EXP 	Display WaitingForScanner
11.9973 	DATA 	Keypress: return
12.1445 	DATA 	Keypress: return
12.2942 	DATA 	Keypress: return
12.5642 	DATA 	Keypress: rshift
12.6816 	DATA 	Keypress: t
12.6893 	EXP 	Display fixation
12.6894 	EXP 	---START EXPERIMENT---
12.6901 	EXP 	trial: iTrial = 1, isRemember = 1, delayDur = 12.3, ISI = 6.3, startString = HCVOY, testString = H=4?, isTrueTrial = 0
22.6899 	EXP 	mainText: text = 'HCVOY'
22.6899 	EXP 	Display string (HCVOY)
25.1856 	EXP 	Display fixation (pause)
26.1852 	EXP 	mainText: text = 'REMEMBER'
26.1852 	EXP 	Display cue (REMEMBER)
26.6850 	EXP 	Display fixation (delay)
39.0070 	DATA 	Keypress: p
39.0096 	DATA 	Keypress: q
39.0114 	DATA 	Keypress: q
39.0127 	DATA 	Keypress: p
39.0140 	DATA 	Keypress: q
39.0185 	EXP 	mainText: text = 'H=4?'
39.0185 	EXP 	Display test stim (H=4?)
39.0343 	EXP 	Display fixation (ISI)
39.0343 	EXP 	topMsg: text = "That's the end! "
39.0343 	EXP 	bottomMsg: text = "Press 'q' or 'escape' to end the session."
39.0343 	EXP 	Display TheEnd
41.2384 	DATA 	Keypress: q
41.7809 	EXP 	win: mouseVisible = True
