3.8087 	WARNING 	We strongly recommend you activate the PTB sound engine in PsychoPy prefs as the preferred audio engine. Its timing is vastly superior. Your prefs are currently set to use ['sounddevice', 'PTB', 'pyo', 'pygame'] (in that order).
5.3279 	INFO 	---START PARAMETERS---
5.3282 	INFO 	subject: 1
5.3282 	INFO 	session: 1
5.3282 	INFO 	date: 10_30_1548
5.3283 	INFO 	isPractice: 0
5.3283 	INFO 	nBlocks: 1
5.3283 	INFO 	nTrialsPerBlock: 200
5.3284 	INFO 	fixDur_min: 0.000000
5.3284 	INFO 	fixDur_range: 1.000000
5.3284 	INFO 	digitDur: 0.100000
5.3284 	INFO 	respDur: 1
5.3284 	INFO 	ITI: 0.000000
5.3285 	INFO 	IBI: 10.000000
5.3285 	INFO 	targetDigit: 3
5.3285 	INFO 	targetFrac: 0.100000
5.3285 	INFO 	targetProb: 0.111111
5.3285 	INFO 	respKey: j
5.3285 	INFO 	wanderKey: z
5.3285 	INFO 	triggerKey: t
5.3286 	INFO 	fullScreen: True
5.3286 	INFO 	fixCrossSize: 10
5.3286 	INFO 	probeProb: 0.000000
5.3286 	INFO 	---END PARAMETERS---
5.3300 	INFO 	Loaded monitor calibration from ['2021_08_18 14:02']
5.3332 	WARNING 	User requested fullscreen with size [800 600], but screen is actually [1440, 900]. Using actual size
5.9148 	EXP 	Created win = Window(allowGUI=False, allowStencil=False, autoLog=True, backendConf=UNKNOWN, bitsMode=UNKNOWN, blendMode='avg', bpc=(8, 8, 8), color=array([0, 0, 0]), colorSpace='rgb', depthBits=8, fullscr=<method-wrapper '__getattribute__' of attributeSetter object at 0x7fde879feac0>, gamma=None, gammaErrorPolicy='raise', lms=UNKNOWN, monitor=<psychopy.monitors.calibTools.Monitor object at 0x7fde8837eb80>, multiSample=False, name='win', numSamples=2, pos=[0.0, 0.0], screen=0, size=array([1440,  900]), stencilBits=0, stereo=False, units='deg', useFBO=False, useRetina=False, viewOri=0.0, viewPos=None, viewScale=None, waitBlanking=True, winType='pyglet')
5.9153 	EXP 	win: mouseVisible = True
5.9219 	EXP 	Created unnamed ShapeStim = ShapeStim(__class__=<class 'psychopy.visual.shape.ShapeStim'>, autoDraw=False, autoLog=True, closeShape=False, color=method-wrapper(...), colorSpace='rgb', contrast=None, depth=0, fillColor=array([0, 0, 0]), fillColorSpace='rgb', fillRGB=array([0, 0, 0]), interpolate=True, lineColor=array([-1., -1., -1.]), lineColorSpace='rgb', lineRGB=array([-1., -1., -1.]), lineWidth=3.0, name='unnamed ShapeStim', opacity=0.5, ori=0.0, pos=array([0., 0.]), size=array([1., 1.]), units='pix', vertices=ndarray(...), win=Window(...), windingRule=None)
5.9224 	WARNING 	TextStim.alignHoriz is deprecated. Use alignText and anchorHoriz attributes instead
5.9503 	EXP 	Created topMsg = TextStim(__class__=<class 'psychopy.visual.text.TextStim'>, alignHoriz='center', alignText='center', alignVert=method-wrapper(...), anchorHoriz='center', anchorVert='center', antialias=True, autoLog=True, bold=False, color=array([-1., -1., -1.]), colorSpace='rgb', contrast=1.0, depth=0, flipHoriz=False, flipVert=False, font='', fontFiles=[], height=1.0, italic=False, languageStyle='LTR', name='topMsg', opacity=1.0, ori=0.0, pos=array([0., 3.]), rgb=UNKNOWN, text='aaa', units='deg', win=Window(...), wrapWidth=15.0)
5.9504 	WARNING 	TextStim.alignHoriz is deprecated. Use alignText and anchorHoriz attributes instead
5.9543 	EXP 	Created bottomMsg = TextStim(__class__=<class 'psychopy.visual.text.TextStim'>, alignHoriz='center', alignText='center', alignVert=method-wrapper(...), anchorHoriz='center', anchorVert='center', antialias=True, autoLog=True, bold=False, color=array([-1., -1., -1.]), colorSpace='rgb', contrast=1.0, depth=0, flipHoriz=False, flipVert=False, font='', fontFiles=[], height=1.0, italic=False, languageStyle='LTR', name='bottomMsg', opacity=1.0, ori=0.0, pos=array([ 0., -3.]), rgb=UNKNOWN, text='bbb', units='deg', win=Window(...), wrapWidth=15.0)
5.9544 	WARNING 	TextStim.alignHoriz is deprecated. Use alignText and anchorHoriz attributes instead
5.9578 	EXP 	Created digit = TextStim(__class__=<class 'psychopy.visual.text.TextStim'>, alignHoriz='center', alignText='center', alignVert=method-wrapper(...), anchorHoriz='center', anchorVert='center', antialias=True, autoLog=True, bold=False, color=array([-1., -1., -1.]), colorSpace='rgb', contrast=1.0, depth=0, flipHoriz=False, flipVert=False, font='', fontFiles=[], height=1.0, italic=False, languageStyle='LTR', name='digit', opacity=1.0, ori=0.0, pos=array([0., 0.]), rgb=UNKNOWN, text='3', units='deg', win=Window(...), wrapWidth=15.0)
5.9980 	EXP 	topMsg: text = 'Keep your eyes on the cross at the center of the screen when it appears. You will then see a series of numbers. Using your right index finger, press J whenever you see a digit that is NOT 3.'
5.9980 	EXP 	bottomMsg: text = 'Press any key to continue.'
5.9980 	EXP 	Display Instructions1
6.5530 	DATA 	Keypress: return
6.5629 	EXP 	topMsg: text = 'Please respond as quickly as possible without sacrificing accuracy.'
6.5629 	EXP 	bottomMsg: text = 'Press any key to continue.'
6.5629 	EXP 	Display Instructions2
6.7415 	DATA 	Keypress: return
6.7543 	EXP 	topMsg: text = "If at any time you notice that your mind has been wandering, press the 'Z' key with your left index finger."
6.7543 	EXP 	bottomMsg: text = 'Press any key to continue.'
6.7543 	EXP 	Display Instructions3
6.9127 	DATA 	Keypress: return
6.9336 	EXP 	topMsg: text = 'Sometimes, a question may appear. When this happens, answer the question using the number keys.'
6.9336 	EXP 	bottomMsg: text = "WHEN YOU'RE READY TO BEGIN, press any key."
6.9336 	EXP 	Display Instructions4
7.0844 	DATA 	Keypress: return
7.1003 	EXP 	topMsg: text = 'Waiting for scanner to start...'
7.1003 	EXP 	bottomMsg: text = "(Press 'T' to override.)"
7.1003 	EXP 	Display WaitingForScanner
7.2424 	DATA 	Keypress: return
7.4134 	DATA 	Keypress: return
7.6324 	DATA 	Keypress: return
7.8453 	DATA 	Keypress: rshift
8.0223 	DATA 	Keypress: t
8.0231 	EXP 	---START EXPERIMENT---
8.0231 	EXP 	Start Block 0
8.0299 	EXP 	Display Fixation
8.2596 	EXP 	digit: text = '3'
8.2596 	EXP 	Display Target
8.3624 	EXP 	Display Fixation
8.8921 	DATA 	Keypress: 3
9.2658 	EXP 	Display Fixation
9.4639 	EXP 	digit: text = '2'
9.4639 	EXP 	Display NonTarget
9.5673 	EXP 	Display Fixation
9.9995 	DATA 	Keypress: 2
10.4703 	EXP 	Display Fixation
11.0500 	EXP 	digit: text = '8'
11.0500 	EXP 	Display NonTarget
11.1533 	EXP 	Display Fixation
11.5515 	DATA 	Keypress: 8
12.0567 	EXP 	Display Fixation
12.0962 	EXP 	digit: text = '0'
12.0962 	EXP 	Display NonTarget
12.1994 	EXP 	Display Fixation
12.2073 	DATA 	Keypress: return
12.8156 	DATA 	Keypress: p
12.9315 	DATA 	Keypress: q
13.6472 	EXP 	win: mouseVisible = True
