2.3327 	WARNING 	We strongly recommend you activate the PTB sound engine in PsychoPy prefs as the preferred audio engine. Its timing is vastly superior. Your prefs are currently set to use ['sounddevice', 'PTB', 'pyo', 'pygame'] (in that order).
3.5846 	INFO 	---START PARAMETERS---
3.5847 	INFO 	subject: 1
3.5848 	INFO 	session: 1
3.5848 	INFO 	date: 10_30_1549
3.5848 	INFO 	isPractice: 0
3.5848 	INFO 	nBlocks: 1
3.5848 	INFO 	nTrialsPerBlock: 200
3.5848 	INFO 	fixDur_min: 0.000000
3.5848 	INFO 	fixDur_range: 1.000000
3.5848 	INFO 	digitDur: 0.100000
3.5848 	INFO 	respDur: 1
3.5848 	INFO 	ITI: 0.000000
3.5848 	INFO 	IBI: 10.000000
3.5848 	INFO 	targetDigit: 3
3.5848 	INFO 	targetFrac: 0.100000
3.5848 	INFO 	targetProb: 0.111111
3.5848 	INFO 	respKey: j
3.5849 	INFO 	wanderKey: z
3.5849 	INFO 	triggerKey: t
3.5849 	INFO 	fullScreen: True
3.5849 	INFO 	fixCrossSize: 10
3.5849 	INFO 	probeProb: 0.000000
3.5849 	INFO 	---END PARAMETERS---
3.5863 	INFO 	Loaded monitor calibration from ['2021_08_18 14:02']
3.5895 	WARNING 	User requested fullscreen with size [800 600], but screen is actually [1440, 900]. Using actual size
4.1994 	EXP 	Created win = Window(allowGUI=False, allowStencil=False, autoLog=True, backendConf=UNKNOWN, bitsMode=UNKNOWN, blendMode='avg', bpc=(8, 8, 8), color=array([0, 0, 0]), colorSpace='rgb', depthBits=8, fullscr=<method-wrapper '__getattribute__' of attributeSetter object at 0x7f8c00135e80>, gamma=None, gammaErrorPolicy='raise', lms=UNKNOWN, monitor=<psychopy.monitors.calibTools.Monitor object at 0x7f8c00965f40>, multiSample=False, name='win', numSamples=2, pos=[0.0, 0.0], screen=0, size=array([1440,  900]), stencilBits=0, stereo=False, units='deg', useFBO=False, useRetina=False, viewOri=0.0, viewPos=None, viewScale=None, waitBlanking=True, winType='pyglet')
4.1999 	EXP 	win: mouseVisible = True
4.2063 	EXP 	Created unnamed ShapeStim = ShapeStim(__class__=<class 'psychopy.visual.shape.ShapeStim'>, autoDraw=False, autoLog=True, closeShape=False, color=method-wrapper(...), colorSpace='rgb', contrast=None, depth=0, fillColor=array([0, 0, 0]), fillColorSpace='rgb', fillRGB=array([0, 0, 0]), interpolate=True, lineColor=array([-1., -1., -1.]), lineColorSpace='rgb', lineRGB=array([-1., -1., -1.]), lineWidth=3.0, name='unnamed ShapeStim', opacity=0.5, ori=0.0, pos=array([0., 0.]), size=array([1., 1.]), units='pix', vertices=ndarray(...), win=Window(...), windingRule=None)
4.2067 	WARNING 	TextStim.alignHoriz is deprecated. Use alignText and anchorHoriz attributes instead
4.2355 	EXP 	Created topMsg = TextStim(__class__=<class 'psychopy.visual.text.TextStim'>, alignHoriz='center', alignText='center', alignVert=method-wrapper(...), anchorHoriz='center', anchorVert='center', antialias=True, autoLog=True, bold=False, color=array([-1., -1., -1.]), colorSpace='rgb', contrast=1.0, depth=0, flipHoriz=False, flipVert=False, font='', fontFiles=[], height=1.0, italic=False, languageStyle='LTR', name='topMsg', opacity=1.0, ori=0.0, pos=array([0., 3.]), rgb=UNKNOWN, text='aaa', units='deg', win=Window(...), wrapWidth=15.0)
4.2356 	WARNING 	TextStim.alignHoriz is deprecated. Use alignText and anchorHoriz attributes instead
4.2393 	EXP 	Created bottomMsg = TextStim(__class__=<class 'psychopy.visual.text.TextStim'>, alignHoriz='center', alignText='center', alignVert=method-wrapper(...), anchorHoriz='center', anchorVert='center', antialias=True, autoLog=True, bold=False, color=array([-1., -1., -1.]), colorSpace='rgb', contrast=1.0, depth=0, flipHoriz=False, flipVert=False, font='', fontFiles=[], height=1.0, italic=False, languageStyle='LTR', name='bottomMsg', opacity=1.0, ori=0.0, pos=array([ 0., -3.]), rgb=UNKNOWN, text='bbb', units='deg', win=Window(...), wrapWidth=15.0)
4.2393 	WARNING 	TextStim.alignHoriz is deprecated. Use alignText and anchorHoriz attributes instead
4.2428 	EXP 	Created digit = TextStim(__class__=<class 'psychopy.visual.text.TextStim'>, alignHoriz='center', alignText='center', alignVert=method-wrapper(...), anchorHoriz='center', anchorVert='center', antialias=True, autoLog=True, bold=False, color=array([-1., -1., -1.]), colorSpace='rgb', contrast=1.0, depth=0, flipHoriz=False, flipVert=False, font='', fontFiles=[], height=1.0, italic=False, languageStyle='LTR', name='digit', opacity=1.0, ori=0.0, pos=array([0., 0.]), rgb=UNKNOWN, text='3', units='deg', win=Window(...), wrapWidth=15.0)
4.2830 	EXP 	topMsg: text = 'Keep your eyes on the cross at the center of the screen when it appears. You will then see a series of numbers. Using your right index finger, press J whenever you see a digit that is NOT 3.'
4.2830 	EXP 	bottomMsg: text = 'Press any key to continue.'
4.2830 	EXP 	Display Instructions1
4.6084 	DATA 	Keypress: return
4.6188 	EXP 	topMsg: text = 'Please respond as quickly as possible without sacrificing accuracy.'
4.6188 	EXP 	bottomMsg: text = 'Press any key to continue.'
4.6188 	EXP 	Display Instructions2
4.7736 	DATA 	Keypress: return
4.7864 	EXP 	topMsg: text = "If at any time you notice that your mind has been wandering, press the 'Z' key with your left index finger."
4.7864 	EXP 	bottomMsg: text = 'Press any key to continue.'
4.7864 	EXP 	Display Instructions3
4.9187 	DATA 	Keypress: return
4.9391 	EXP 	topMsg: text = 'Sometimes, a question may appear. When this happens, answer the question using the number keys.'
4.9391 	EXP 	bottomMsg: text = "WHEN YOU'RE READY TO BEGIN, press any key."
4.9391 	EXP 	Display Instructions4
5.0947 	DATA 	Keypress: return
5.1067 	EXP 	topMsg: text = 'Waiting for scanner to start...'
5.1067 	EXP 	bottomMsg: text = "(Press 'T' to override.)"
5.1067 	EXP 	Display WaitingForScanner
5.2448 	DATA 	Keypress: return
5.9603 	DATA 	Keypress: rshift
6.0855 	DATA 	Keypress: t
6.0862 	EXP 	---START EXPERIMENT---
6.0862 	EXP 	Start Block 0
6.0915 	EXP 	Display Fixation
6.5860 	DATA 	Keypress: p
6.6316 	EXP 	digit: text = '1'
6.6316 	EXP 	Display NonTarget
6.7347 	EXP 	Display Fixation
6.8046 	DATA 	Keypress: q
7.5982 	DATA 	Keypress: escape
8.1783 	EXP 	win: mouseVisible = True
