4.5165 	WARNING 	We strongly recommend you activate the PTB sound engine in PsychoPy prefs as the preferred audio engine. Its timing is vastly superior. Your prefs are currently set to use ['sounddevice', 'PTB', 'pyo', 'pygame'] (in that order).
6.2847 	INFO 	---START PARAMETERS---
6.2848 	INFO 	subject: 1
6.2848 	INFO 	session: 3
6.2848 	INFO 	date: 10_30_1215
6.2848 	INFO 	isPractice: 0
6.2848 	INFO 	respKeys: ['j', 'k', 'l']
6.2848 	INFO 	triggerKey: t
6.2849 	INFO 	wanderKey: z
6.2849 	INFO 	nBlocks: 1
6.2849 	INFO 	nTrialsPerBlock: 200
6.2849 	INFO 	fixDur_min: 0.000000
6.2849 	INFO 	fixDur_range: 1.000000
6.2849 	INFO 	toneDur: 0.200000
6.2849 	INFO 	respDur: 1.000000
6.2849 	INFO 	preBlockDur: 3.000000
6.2849 	INFO 	IBI: 4.000000
6.2849 	INFO 	tones: ['chirps/up.wav', 'chirps/updown.wav', 'chirps/updownup.wav']
6.2849 	INFO 	toneVolume: 0.500000
6.2849 	INFO 	probeProb: 0
6.2849 	INFO 	---END PARAMETERS---
6.2876 	INFO 	Loaded monitor calibration from ['2021_08_18 14:02']
6.2945 	WARNING 	User requested fullscreen with size [800 600], but screen is actually [1440, 900]. Using actual size
6.9629 	EXP 	Created win = Window(allowGUI=False, allowStencil=False, autoLog=True, backendConf=UNKNOWN, bitsMode=UNKNOWN, blendMode='avg', bpc=(8, 8, 8), color=array([0, 0, 0]), colorSpace='rgb', depthBits=8, fullscr=<method-wrapper '__getattribute__' of attributeSetter object at 0x7fb59b9ffb20>, gamma=None, gammaErrorPolicy='raise', lms=UNKNOWN, monitor=<psychopy.monitors.calibTools.Monitor object at 0x7fb59c27eac0>, multiSample=False, name='win', numSamples=2, pos=[0.0, 0.0], screen=0, size=array([1440,  900]), stencilBits=0, stereo=False, units='deg', useFBO=False, useRetina=False, viewOri=0.0, viewPos=None, viewScale=None, waitBlanking=True, winType='pyglet')
6.9632 	EXP 	win: mouseVisible = True
6.9690 	EXP 	Created unnamed ShapeStim = ShapeStim(__class__=<class 'psychopy.visual.shape.ShapeStim'>, autoDraw=False, autoLog=True, closeShape=False, color=method-wrapper(...), colorSpace='rgb', contrast=None, depth=0, fillColor=array([0, 0, 0]), fillColorSpace='rgb', fillRGB=array([0, 0, 0]), interpolate=True, lineColor=array([-1., -1., -1.]), lineColorSpace='rgb', lineRGB=array([-1., -1., -1.]), lineWidth=3.0, name='unnamed ShapeStim', opacity=0.5, ori=0.0, pos=array([0., 0.]), size=array([1., 1.]), units='pix', vertices=ndarray(...), win=Window(...), windingRule=None)
6.9693 	WARNING 	TextStim.alignHoriz is deprecated. Use alignText and anchorHoriz attributes instead
7.0196 	EXP 	Created topMsg = TextStim(__class__=<class 'psychopy.visual.text.TextStim'>, alignHoriz='center', alignText='center', alignVert=method-wrapper(...), anchorHoriz='center', anchorVert='center', antialias=True, autoLog=True, bold=False, color=array([-1., -1., -1.]), colorSpace='rgb', contrast=1.0, depth=0, flipHoriz=False, flipVert=False, font='', fontFiles=[], height=1.0, italic=False, languageStyle='LTR', name='topMsg', opacity=1.0, ori=0.0, pos=array([0., 3.]), rgb=UNKNOWN, text='aaa', units='deg', win=Window(...), wrapWidth=15.0)
7.0197 	WARNING 	TextStim.alignHoriz is deprecated. Use alignText and anchorHoriz attributes instead
7.0238 	EXP 	Created bottomMsg = TextStim(__class__=<class 'psychopy.visual.text.TextStim'>, alignHoriz='center', alignText='center', alignVert=method-wrapper(...), anchorHoriz='center', anchorVert='center', antialias=True, autoLog=True, bold=False, color=array([-1., -1., -1.]), colorSpace='rgb', contrast=1.0, depth=0, flipHoriz=False, flipVert=False, font='', fontFiles=[], height=1.0, italic=False, languageStyle='LTR', name='bottomMsg', opacity=1.0, ori=0.0, pos=array([ 0., -3.]), rgb=UNKNOWN, text='bbb', units='deg', win=Window(...), wrapWidth=15.0)
7.0552 	EXP 	topMsg: text = 'Keep your eyes on the cross at the center of the screen when it appears. Then listen for one of the following three sounds.'
7.0552 	EXP 	bottomMsg: text = 'Press any key to continue.'
7.0552 	EXP 	Display Instructions1
7.4145 	DATA 	Keypress: return
7.5815 	DATA 	Keypress: return
7.5930 	EXP 	topMsg: text = 'When you hear this sound, press J as quickly as you can.'
7.5930 	EXP 	bottomMsg: text = 'Press any key to continue.'
7.5930 	EXP 	Display Instructions2
8.0442 	DATA 	Keypress: return
8.0452 	DATA 	Keypress: return
9.4026 	DATA 	Keypress: return
9.4109 	EXP 	topMsg: text = 'When you hear this sound, press K as quickly as you can.'
9.4109 	EXP 	bottomMsg: text = 'Press any key to continue.'
9.4109 	EXP 	Display Instructions3
9.8994 	DATA 	Keypress: return
10.2671 	DATA 	Keypress: return
10.2835 	EXP 	topMsg: text = 'When you hear this sound, press L as quickly as you can.'
10.2835 	EXP 	bottomMsg: text = 'Press Backspace to hear the sounds again or any other key to continue.'
10.2835 	EXP 	Display Instructions4
10.9351 	DATA 	Keypress: return
10.9469 	EXP 	topMsg: text = 'Please respond as quickly as possible without sacrificing accuracy.'
10.9469 	EXP 	bottomMsg: text = 'Press any key to continue.'
10.9469 	EXP 	Display Instructions5
11.5100 	DATA 	Keypress: return
11.5244 	EXP 	topMsg: text = "If at any time you notice that your mind has been wandering, press the 'z' key with your left index finger."
11.5244 	EXP 	bottomMsg: text = 'Press any key to continue.'
11.5244 	EXP 	Display Instructions6
11.8604 	DATA 	Keypress: return
12.1489 	DATA 	Keypress: return
12.1723 	EXP 	topMsg: text = 'Sometimes, a question may appear. When this happens, answer the question using the number keys.'
12.1723 	EXP 	bottomMsg: text = "WHEN YOU'RE READY TO BEGIN, press any key."
12.1723 	EXP 	Display Instructions7
12.4742 	DATA 	Keypress: return
12.6311 	DATA 	Keypress: return
12.8165 	DATA 	Keypress: return
12.8303 	EXP 	topMsg: text = 'Waiting for scanner to start...'
12.8303 	EXP 	bottomMsg: text = "(Press 'T' to override.)"
12.8303 	EXP 	Display WaitingForScanner
13.0289 	DATA 	Keypress: return
13.2338 	DATA 	Keypress: return
14.0036 	DATA 	Keypress: t
14.0043 	EXP 	---START EXPERIMENT---
14.0043 	EXP 	Start Block 1
14.0135 	EXP 	Display Fixation
19.5731 	DATA 	Keypress: p
20.1827 	DATA 	Keypress: q
22.2999 	EXP 	win: mouseVisible = True
