6.1552 	WARNING 	We strongly recommend you activate the PTB sound engine in PsychoPy prefs as the preferred audio engine. Its timing is vastly superior. Your prefs are currently set to use ['sounddevice', 'PTB', 'pyo', 'pygame'] (in that order).
7.7941 	INFO 	---START PARAMETERS---
7.7942 	INFO 	subject: 1
7.7942 	INFO 	session: 2
7.7942 	INFO 	date: 10_30_1213
7.7942 	INFO 	isPractice: 0
7.7942 	INFO 	respKeys: ['j', 'k', 'l']
7.7942 	INFO 	triggerKey: t
7.7942 	INFO 	wanderKey: z
7.7942 	INFO 	nBlocks: 1
7.7942 	INFO 	nTrialsPerBlock: 200
7.7942 	INFO 	fixDur_min: 0.000000
7.7942 	INFO 	fixDur_range: 1.000000
7.7943 	INFO 	toneDur: 0.200000
7.7943 	INFO 	respDur: 1.000000
7.7943 	INFO 	preBlockDur: 3.000000
7.7943 	INFO 	IBI: 4.000000
7.7943 	INFO 	tones: ['chirps/up.wav', 'chirps/updown.wav', 'chirps/updownup.wav']
7.7943 	INFO 	toneVolume: 0.500000
7.7943 	INFO 	probeProb: 0
7.7943 	INFO 	---END PARAMETERS---
7.7969 	INFO 	Loaded monitor calibration from ['2021_08_18 14:02']
7.8060 	WARNING 	User requested fullscreen with size [800 600], but screen is actually [1440, 900]. Using actual size
8.4920 	EXP 	Created win = Window(allowGUI=False, allowStencil=False, autoLog=True, backendConf=UNKNOWN, bitsMode=UNKNOWN, blendMode='avg', bpc=(8, 8, 8), color=array([0, 0, 0]), colorSpace='rgb', depthBits=8, fullscr=<method-wrapper '__getattribute__' of attributeSetter object at 0x7fbe06a36e80>, gamma=None, gammaErrorPolicy='raise', lms=UNKNOWN, monitor=<psychopy.monitors.calibTools.Monitor object at 0x7fbe00a22fa0>, multiSample=False, name='win', numSamples=2, pos=[0.0, 0.0], screen=0, size=array([1440,  900]), stencilBits=0, stereo=False, units='deg', useFBO=False, useRetina=False, viewOri=0.0, viewPos=None, viewScale=None, waitBlanking=True, winType='pyglet')
8.4924 	EXP 	win: mouseVisible = True
8.5024 	EXP 	Created unnamed ShapeStim = ShapeStim(__class__=<class 'psychopy.visual.shape.ShapeStim'>, autoDraw=False, autoLog=True, closeShape=False, color=method-wrapper(...), colorSpace='rgb', contrast=None, depth=0, fillColor=array([0, 0, 0]), fillColorSpace='rgb', fillRGB=array([0, 0, 0]), interpolate=True, lineColor=array([-1., -1., -1.]), lineColorSpace='rgb', lineRGB=array([-1., -1., -1.]), lineWidth=3.0, name='unnamed ShapeStim', opacity=0.5, ori=0.0, pos=array([0., 0.]), size=array([1., 1.]), units='pix', vertices=ndarray(...), win=Window(...), windingRule=None)
8.5027 	WARNING 	TextStim.alignHoriz is deprecated. Use alignText and anchorHoriz attributes instead
8.5571 	EXP 	Created topMsg = TextStim(__class__=<class 'psychopy.visual.text.TextStim'>, alignHoriz='center', alignText='center', alignVert=method-wrapper(...), anchorHoriz='center', anchorVert='center', antialias=True, autoLog=True, bold=False, color=array([-1., -1., -1.]), colorSpace='rgb', contrast=1.0, depth=0, flipHoriz=False, flipVert=False, font='', fontFiles=[], height=1.0, italic=False, languageStyle='LTR', name='topMsg', opacity=1.0, ori=0.0, pos=array([0., 3.]), rgb=UNKNOWN, text='aaa', units='deg', win=Window(...), wrapWidth=15.0)
8.5571 	WARNING 	TextStim.alignHoriz is deprecated. Use alignText and anchorHoriz attributes instead
8.5619 	EXP 	Created bottomMsg = TextStim(__class__=<class 'psychopy.visual.text.TextStim'>, alignHoriz='center', alignText='center', alignVert=method-wrapper(...), anchorHoriz='center', anchorVert='center', antialias=True, autoLog=True, bold=False, color=array([-1., -1., -1.]), colorSpace='rgb', contrast=1.0, depth=0, flipHoriz=False, flipVert=False, font='', fontFiles=[], height=1.0, italic=False, languageStyle='LTR', name='bottomMsg', opacity=1.0, ori=0.0, pos=array([ 0., -3.]), rgb=UNKNOWN, text='bbb', units='deg', win=Window(...), wrapWidth=15.0)
8.6013 	EXP 	topMsg: text = 'Keep your eyes on the cross at the center of the screen when it appears. Then listen for one of the following three sounds.'
8.6013 	EXP 	bottomMsg: text = 'Press any key to continue.'
8.6013 	EXP 	Display Instructions1
9.1634 	DATA 	Keypress: return
9.1820 	EXP 	topMsg: text = 'When you hear this sound, press J as quickly as you can.'
9.1820 	EXP 	bottomMsg: text = 'Press any key to continue.'
9.1820 	EXP 	Display Instructions2
9.7216 	EXP 	win: mouseVisible = True
