5.4865 	WARNING 	We strongly recommend you activate the PTB sound engine in PsychoPy prefs as the preferred audio engine. Its timing is vastly superior. Your prefs are currently set to use ['sounddevice', 'PTB', 'pyo', 'pygame'] (in that order).
10.5890 	INFO 	---START PARAMETERS---
10.5891 	INFO 	filename: GoNoGoTask_d1-1-3-10_30_1543
10.5891 	INFO 	subject: 1
10.5891 	INFO 	session: 3
10.5892 	INFO 	date: 10_30_1543
10.5892 	INFO 	ISI: 2
10.5892 	INFO 	cueStim: circle
10.5892 	INFO 	fixCrossPos: [0, 0]
10.5892 	INFO 	fixCrossSize: 50
10.5892 	INFO 	fullScreen: True
10.5892 	INFO 	goStim: square
10.5892 	INFO 	goStimProb: 0.8
10.5892 	INFO 	maxCueDur: 3
10.5892 	INFO 	minCueDur: 1
10.5893 	INFO 	nTrials: 10
10.5893 	INFO 	noGoStim: diamond
10.5893 	INFO 	promptDir: Prompts/
10.5893 	INFO 	promptFile: GoNoGoPrompts.txt
10.5893 	INFO 	respAdvances: False
10.5893 	INFO 	respKeys: ['r']
10.5893 	INFO 	screenColor: (128, 128, 128)
10.5893 	INFO 	screenToShow: 0
10.5893 	INFO 	skipPrompts: False
10.5893 	INFO 	stimDur: 1
10.5893 	INFO 	tCoolDown: 2
10.5894 	INFO 	tStartup: 2
10.5894 	INFO 	triggerKey: t
10.5894 	INFO 	---END PARAMETERS---
11.6979 	INFO 	Loaded monitor calibration from ['2021_08_18 14:02']
12.3976 	EXP 	Created win = Window(allowGUI=False, allowStencil=False, autoLog=True, backendConf=UNKNOWN, bitsMode=UNKNOWN, blendMode='avg', bpc=(8, 8, 8), color=array([128, 128, 128]), colorSpace='rgb255', depthBits=8, fullscr=<method-wrapper '__getattribute__' of attributeSetter object at 0x7fd255d3b8e0>, gamma=None, gammaErrorPolicy='raise', lms=UNKNOWN, monitor=<psychopy.monitors.calibTools.Monitor object at 0x7fd2562c03d0>, multiSample=False, name='win', numSamples=2, pos=[0.0, 0.0], screen=0, size=array([1440,  900]), stencilBits=0, stereo=False, units='deg', useFBO=False, useRetina=False, viewOri=0.0, viewPos=None, viewScale=None, waitBlanking=True, winType='pyglet')
12.3980 	EXP 	win: mouseVisible = True
12.4131 	EXP 	Created fixCross = ShapeStim(__class__=<class 'psychopy.visual.shape.ShapeStim'>, autoDraw=False, autoLog=True, closeShape=False, color=method-wrapper(...), colorSpace='rgb', contrast=None, depth=0, fillColor=array([0, 0, 0]), fillColorSpace='rgb', fillRGB=array([0, 0, 0]), interpolate=True, lineColor=array([-1., -1., -1.]), lineColorSpace='rgb', lineRGB=array([-1., -1., -1.]), lineWidth=3.0, name='fixCross', opacity=0.5, ori=0.0, pos=array([0., 0.]), size=array([1., 1.]), units='pix', vertices=ndarray(...), win=Window(...), windingRule=None)
12.4137 	WARNING 	TextStim.alignHoriz is deprecated. Use alignText and anchorHoriz attributes instead
12.4839 	EXP 	Created topMsg = TextStim(__class__=<class 'psychopy.visual.text.TextStim'>, alignHoriz='center', alignText='center', alignVert=method-wrapper(...), anchorHoriz='center', anchorVert='center', antialias=True, autoLog=True, bold=False, color=array([-1., -1., -1.]), colorSpace='rgb', contrast=1.0, depth=0, flipHoriz=False, flipVert=False, font='', fontFiles=[], height=0.1, italic=False, languageStyle='LTR', name='topMsg', opacity=1.0, ori=0.0, pos=array([0. , 0.5]), rgb=UNKNOWN, text='aaa', units='norm', win=Window(...), wrapWidth=1.5)
12.4840 	WARNING 	TextStim.alignHoriz is deprecated. Use alignText and anchorHoriz attributes instead
12.4883 	EXP 	Created bottomMsg = TextStim(__class__=<class 'psychopy.visual.text.TextStim'>, alignHoriz='center', alignText='center', alignVert=method-wrapper(...), anchorHoriz='center', anchorVert='center', antialias=True, autoLog=True, bold=False, color=array([-1., -1., -1.]), colorSpace='rgb', contrast=1.0, depth=0, flipHoriz=False, flipVert=False, font='', fontFiles=[], height=0.1, italic=False, languageStyle='LTR', name='bottomMsg', opacity=1.0, ori=0.0, pos=array([ 0. , -0.5]), rgb=UNKNOWN, text='bbb', units='norm', win=Window(...), wrapWidth=1.5)
12.4903 	EXP 	Created square = ShapeStim(__class__=<class 'psychopy.visual.shape.ShapeStim'>, autoDraw=False, autoLog=True, closeShape=False, color=method-wrapper(...), colorSpace='rgb', contrast=None, depth=0, fillColor=array([0, 0, 0]), fillColorSpace='rgb', fillRGB=array([0, 0, 0]), interpolate=True, lineColor=array([-1., -1., -1.]), lineColorSpace='rgb', lineRGB=array([-1., -1., -1.]), lineWidth=3.0, name='square', opacity=0.5, ori=0.0, pos=array([0., 0.]), size=array([1., 1.]), units='pix', vertices=ndarray(...), win=Window(...), windingRule=None)
12.4922 	EXP 	Created diamond = ShapeStim(__class__=<class 'psychopy.visual.shape.ShapeStim'>, autoDraw=False, autoLog=True, closeShape=False, color=method-wrapper(...), colorSpace='rgb', contrast=None, depth=0, fillColor=array([0, 0, 0]), fillColorSpace='rgb', fillRGB=array([0, 0, 0]), interpolate=True, lineColor=array([-1., -1., -1.]), lineColorSpace='rgb', lineRGB=array([-1., -1., -1.]), lineWidth=3.0, name='diamond', opacity=0.5, ori=0.0, pos=array([0., 0.]), size=array([1., 1.]), units='pix', vertices=ndarray(...), win=Window(...), windingRule=None)
12.5003 	EXP 	Created unnamed Circle = Circle(__class__=<class 'psychopy.visual.circle.Circle'>, autoDraw=False, autoLog=True, closeShape=True, color=method-wrapper(...), colorSpace='rgb', contrast=None, depth=0, fillColor=array([0, 0, 0]), fillColorSpace='rgb', fillRGB=array([0, 0, 0]), interpolate=True, lineColor=array([-1., -1., -1.]), lineColorSpace='rgb', lineRGB=array([-1., -1., -1.]), lineWidth=3.0, name='unnamed Circle', opacity=0.5, ori=0.0, pos=array([0., 0.]), size=array([1., 1.]), units='pix', vertices=ndarray(...), win=Window(...))
12.5317 	EXP 	topMsg: text = 'You will see a cross and other shapes on the screen. Please look directly at this spot throughout the experiment.'
12.5317 	EXP 	bottomMsg: text = 'Press any button to continue.'
12.5317 	EXP 	Display Instructions1
13.2445 	DATA 	Keypress: return
13.2626 	EXP 	topMsg: text = 'You will see a circle indicating that a trial is about to begin, then a shape will appear. If the shape is a square, press the button. If the shape is a diamond, do nothing.'
13.2626 	EXP 	bottomMsg: text = 'Press any button to continue.'
13.2626 	EXP 	Display Instructions2
13.7369 	DATA 	Keypress: return
13.7591 	EXP 	topMsg: text = 'If you have any questions, please ask the experimenter now.'
13.7591 	EXP 	bottomMsg: text = 'WHEN YOU ARE READY TO BEGIN, press any button.'
13.7591 	EXP 	Display Instructions3
14.1271 	DATA 	Keypress: return
14.1395 	EXP 	topMsg: text = 'Waiting for scanner to start...'
14.1395 	EXP 	bottomMsg: text = "(Press 'T' to override.)"
14.1395 	EXP 	Display WaitingForScanner
14.5160 	DATA 	Keypress: return
14.8488 	DATA 	Keypress: rshift
14.9499 	DATA 	Keypress: t
14.9592 	EXP 	Display Fixation
14.9592 	EXP 	---START EXPERIMENT---
16.9538 	EXP 	Display cue (circle)
18.9518 	DATA 	Keypress: p
18.9533 	DATA 	Keypress: q
18.9546 	DATA 	Keypress: escape
18.9568 	EXP 	Display go stim (square)
19.9539 	EXP 	Display Fixation
21.9521 	DATA 	Keypress: p
21.9536 	DATA 	Keypress: q
21.9546 	DATA 	Keypress: p
21.9555 	DATA 	Keypress: escape
21.9580 	EXP 	Display cue (circle)
23.9526 	DATA 	Keypress: p
23.9541 	DATA 	Keypress: q
23.9565 	EXP 	Display go stim (square)
24.4104 	DATA 	Keypress: return
24.9538 	EXP 	Display Fixation
26.9518 	DATA 	Keypress: escape
26.9532 	DATA 	Keypress: p
26.9546 	DATA 	Keypress: q
26.9557 	DATA 	Keypress: p
26.9566 	DATA 	Keypress: q
26.9593 	EXP 	Display cue (circle)
27.9520 	DATA 	Keypress: p
27.9530 	DATA 	Keypress: q
27.9554 	EXP 	Display go stim (square)
28.0241 	DATA 	Keypress: l
28.2212 	DATA 	Keypress: o
28.3444 	DATA 	Keypress: a
28.4785 	DATA 	Keypress: p
28.5942 	DATA 	Keypress: q
28.6059 	EXP 	topMsg: text = "That's the end! "
28.6059 	EXP 	bottomMsg: text = "Press 'q' or 'escape' to end the session."
28.6059 	EXP 	Display TheEnd
28.7738 	DATA 	Keypress: return
29.6976 	DATA 	Mouse: Left button down, pos=(566,514)
29.7346 	DATA 	Keypress: q
30.2804 	EXP 	win: mouseVisible = True
