5.7594 	WARNING 	We strongly recommend you activate the PTB sound engine in PsychoPy prefs as the preferred audio engine. Its timing is vastly superior. Your prefs are currently set to use ['sounddevice', 'PTB', 'pyo', 'pygame'] (in that order).
13.3909 	INFO 	---START PARAMETERS---
13.3910 	INFO 	filename: GoNoGoTask_d1-1-2-10_30_1541
13.3910 	INFO 	subject: 1
13.3910 	INFO 	session: 2
13.3910 	INFO 	date: 10_30_1541
13.3910 	INFO 	ISI: 2
13.3911 	INFO 	cueStim: circle
13.3911 	INFO 	fixCrossPos: [0, 0]
13.3911 	INFO 	fixCrossSize: 50
13.3911 	INFO 	fullScreen: True
13.3911 	INFO 	goStim: square
13.3911 	INFO 	goStimProb: 0.8
13.3911 	INFO 	maxCueDur: 3
13.3912 	INFO 	minCueDur: 1
13.3912 	INFO 	nTrials: 10
13.3912 	INFO 	noGoStim: diamond
13.3912 	INFO 	promptDir: Prompts/
13.3912 	INFO 	promptFile: GoNoGoPrompts.txt
13.3912 	INFO 	respAdvances: False
13.3912 	INFO 	respKeys: ['r']
13.3913 	INFO 	screenColor: (128, 128, 128)
13.3913 	INFO 	screenToShow: 0
13.3913 	INFO 	skipPrompts: False
13.3913 	INFO 	stimDur: 1
13.3913 	INFO 	tCoolDown: 2
13.3913 	INFO 	tStartup: 2
13.3914 	INFO 	triggerKey: t
13.3914 	INFO 	---END PARAMETERS---
15.0280 	INFO 	Loaded monitor calibration from ['2021_08_18 14:02']
15.6933 	EXP 	Created win = Window(allowGUI=False, allowStencil=False, autoLog=True, backendConf=UNKNOWN, bitsMode=UNKNOWN, blendMode='avg', bpc=(8, 8, 8), color=array([128, 128, 128]), colorSpace='rgb255', depthBits=8, fullscr=<method-wrapper '__getattribute__' of attributeSetter object at 0x7fe245404610>, gamma=None, gammaErrorPolicy='raise', lms=UNKNOWN, monitor=<psychopy.monitors.calibTools.Monitor object at 0x7fe2459a63d0>, multiSample=False, name='win', numSamples=2, pos=[0.0, 0.0], screen=0, size=array([1440,  900]), stencilBits=0, stereo=False, units='deg', useFBO=False, useRetina=False, viewOri=0.0, viewPos=None, viewScale=None, waitBlanking=True, winType='pyglet')
15.6937 	EXP 	win: mouseVisible = True
15.7084 	EXP 	Created fixCross = ShapeStim(__class__=<class 'psychopy.visual.shape.ShapeStim'>, autoDraw=False, autoLog=True, closeShape=False, color=method-wrapper(...), colorSpace='rgb', contrast=None, depth=0, fillColor=array([0, 0, 0]), fillColorSpace='rgb', fillRGB=array([0, 0, 0]), interpolate=True, lineColor=array([-1., -1., -1.]), lineColorSpace='rgb', lineRGB=array([-1., -1., -1.]), lineWidth=3.0, name='fixCross', opacity=0.5, ori=0.0, pos=array([0., 0.]), size=array([1., 1.]), units='pix', vertices=ndarray(...), win=Window(...), windingRule=None)
15.7089 	WARNING 	TextStim.alignHoriz is deprecated. Use alignText and anchorHoriz attributes instead
15.7697 	EXP 	Created topMsg = TextStim(__class__=<class 'psychopy.visual.text.TextStim'>, alignHoriz='center', alignText='center', alignVert=method-wrapper(...), anchorHoriz='center', anchorVert='center', antialias=True, autoLog=True, bold=False, color=array([-1., -1., -1.]), colorSpace='rgb', contrast=1.0, depth=0, flipHoriz=False, flipVert=False, font='', fontFiles=[], height=0.1, italic=False, languageStyle='LTR', name='topMsg', opacity=1.0, ori=0.0, pos=array([0. , 0.5]), rgb=UNKNOWN, text='aaa', units='norm', win=Window(...), wrapWidth=1.5)
15.7698 	WARNING 	TextStim.alignHoriz is deprecated. Use alignText and anchorHoriz attributes instead
15.7735 	EXP 	Created bottomMsg = TextStim(__class__=<class 'psychopy.visual.text.TextStim'>, alignHoriz='center', alignText='center', alignVert=method-wrapper(...), anchorHoriz='center', anchorVert='center', antialias=True, autoLog=True, bold=False, color=array([-1., -1., -1.]), colorSpace='rgb', contrast=1.0, depth=0, flipHoriz=False, flipVert=False, font='', fontFiles=[], height=0.1, italic=False, languageStyle='LTR', name='bottomMsg', opacity=1.0, ori=0.0, pos=array([ 0. , -0.5]), rgb=UNKNOWN, text='bbb', units='norm', win=Window(...), wrapWidth=1.5)
15.7755 	EXP 	Created square = ShapeStim(__class__=<class 'psychopy.visual.shape.ShapeStim'>, autoDraw=False, autoLog=True, closeShape=False, color=method-wrapper(...), colorSpace='rgb', contrast=None, depth=0, fillColor=array([0, 0, 0]), fillColorSpace='rgb', fillRGB=array([0, 0, 0]), interpolate=True, lineColor=array([-1., -1., -1.]), lineColorSpace='rgb', lineRGB=array([-1., -1., -1.]), lineWidth=3.0, name='square', opacity=0.5, ori=0.0, pos=array([0., 0.]), size=array([1., 1.]), units='pix', vertices=ndarray(...), win=Window(...), windingRule=None)
15.7774 	EXP 	Created diamond = ShapeStim(__class__=<class 'psychopy.visual.shape.ShapeStim'>, autoDraw=False, autoLog=True, closeShape=False, color=method-wrapper(...), colorSpace='rgb', contrast=None, depth=0, fillColor=array([0, 0, 0]), fillColorSpace='rgb', fillRGB=array([0, 0, 0]), interpolate=True, lineColor=array([-1., -1., -1.]), lineColorSpace='rgb', lineRGB=array([-1., -1., -1.]), lineWidth=3.0, name='diamond', opacity=0.5, ori=0.0, pos=array([0., 0.]), size=array([1., 1.]), units='pix', vertices=ndarray(...), win=Window(...), windingRule=None)
15.7854 	EXP 	Created unnamed Circle = Circle(__class__=<class 'psychopy.visual.circle.Circle'>, autoDraw=False, autoLog=True, closeShape=True, color=method-wrapper(...), colorSpace='rgb', contrast=None, depth=0, fillColor=array([0, 0, 0]), fillColorSpace='rgb', fillRGB=array([0, 0, 0]), interpolate=True, lineColor=array([-1., -1., -1.]), lineColorSpace='rgb', lineRGB=array([-1., -1., -1.]), lineWidth=3.0, name='unnamed Circle', opacity=0.5, ori=0.0, pos=array([0., 0.]), size=array([1., 1.]), units='pix', vertices=ndarray(...), win=Window(...))
15.8163 	EXP 	topMsg: text = 'You will see a cross and other shapes on the screen. Please look directly at this spot throughout the experiment.'
15.8163 	EXP 	bottomMsg: text = 'Press any button to continue.'
15.8163 	EXP 	Display Instructions1
16.2084 	DATA 	Mouse: Left button down, pos=(664,516)
16.2916 	DATA 	Mouse:  Left button up, pos=(664,516)
16.4887 	DATA 	Keypress: return
16.5057 	EXP 	topMsg: text = 'You will see a circle indicating that a trial is about to begin, then a shape will appear. If the shape is a square, press the button. If the shape is a diamond, do nothing.'
16.5057 	EXP 	bottomMsg: text = 'Press any button to continue.'
16.5057 	EXP 	Display Instructions2
16.8289 	DATA 	Keypress: return
16.8546 	EXP 	topMsg: text = 'If you have any questions, please ask the experimenter now.'
16.8546 	EXP 	bottomMsg: text = 'WHEN YOU ARE READY TO BEGIN, press any button.'
16.8546 	EXP 	Display Instructions3
17.0052 	DATA 	Keypress: return
17.0175 	EXP 	topMsg: text = 'Waiting for scanner to start...'
17.0175 	EXP 	bottomMsg: text = "(Press 'T' to override.)"
17.0175 	EXP 	Display WaitingForScanner
17.1780 	DATA 	Keypress: return
17.3509 	DATA 	Keypress: return
17.6869 	DATA 	Keypress: rshift
17.7800 	DATA 	Keypress: t
17.7922 	EXP 	Display Fixation
17.7923 	EXP 	---START EXPERIMENT---
19.7845 	EXP 	Display cue (circle)
20.7838 	EXP 	Display no-go stim (diamond)
21.7843 	EXP 	Display Fixation
23.7825 	DATA 	Keypress: p
23.7839 	DATA 	Keypress: q
23.7861 	EXP 	Display cue (circle)
24.7826 	DATA 	Keypress: escape
24.7839 	DATA 	Keypress: p
24.7847 	DATA 	Keypress: return
24.7866 	EXP 	Display go stim (square)
24.9141 	DATA 	Keypress: q
24.9247 	EXP 	topMsg: text = "That's the end! "
24.9247 	EXP 	bottomMsg: text = "Press 'q' or 'escape' to end the session."
24.9247 	EXP 	Display TheEnd
25.6250 	DATA 	Keypress: return
25.9191 	DATA 	Keypress: q
26.4637 	EXP 	win: mouseVisible = True
