3.4889 	WARNING 	We strongly recommend you activate the PTB sound engine in PsychoPy prefs as the preferred audio engine. Its timing is vastly superior. Your prefs are currently set to use ['sounddevice', 'PTB', 'pyo', 'pygame'] (in that order).
7.3703 	INFO 	---START PARAMETERS---
7.3704 	INFO 	filename: LetterOrderTask_d3-1-1-10_30_1234
7.3704 	INFO 	subject: 1
7.3704 	INFO 	session: 1
7.3704 	INFO 	date: 10_30_1234
7.3704 	INFO 	catchProb: 0.3333333333333333
7.3704 	INFO 	cueDur: 1.0
7.3705 	INFO 	cues: ['REMEMBER', 'ALPHABETIZE']
7.3705 	INFO 	fixCrossPos: [0, 0]
7.3705 	INFO 	fixCrossSize: 50
7.3705 	INFO 	fullScreen: True
7.3705 	INFO 	letters: ABCDEFGHIJKLMNOPQRSTUVWXYZ
7.3705 	INFO 	maxDelayDur: 9.0
7.3705 	INFO 	maxISI: 11.0
7.3705 	INFO 	minDelayDur: 9.0
7.3705 	INFO 	minISI: 11.0
7.3705 	INFO 	nLetters: 5
7.3706 	INFO 	pauseDur: 1.5
7.3706 	INFO 	promptDir: Prompts/
7.3706 	INFO 	promptFile: LetterOrderPrompts_5button.txt
7.3706 	INFO 	rememberProb: 0.5
7.3707 	INFO 	respKeys: ['1', '2', '3', '4', '6']
7.3707 	INFO 	screenColor: (128, 128, 128)
7.3707 	INFO 	screenToShow: 0
7.3707 	INFO 	sessionDur: 600.0
7.3707 	INFO 	skipPrompts: False
7.3707 	INFO 	stringDur: 2.5
7.3707 	INFO 	tCoolDown: 10.0
7.3707 	INFO 	tStartup: 10.0
7.3707 	INFO 	testDur: 1.0
7.3707 	INFO 	triggerKey: 5
7.3707 	INFO 	---END PARAMETERS---
8.7241 	INFO 	Loaded monitor calibration from ['2021_08_18 14:02']
9.3620 	EXP 	Created win = Window(allowGUI=False, allowStencil=False, autoLog=True, backendConf=UNKNOWN, bitsMode=UNKNOWN, blendMode='avg', bpc=(8, 8, 8), color=array([128, 128, 128]), colorSpace='rgb255', depthBits=8, fullscr=<method-wrapper '__getattribute__' of attributeSetter object at 0x7faeded3d790>, gamma=None, gammaErrorPolicy='raise', lms=UNKNOWN, monitor=<psychopy.monitors.calibTools.Monitor object at 0x7faedeae9850>, multiSample=False, name='win', numSamples=2, pos=[0.0, 0.0], screen=0, size=array([1440,  900]), stencilBits=0, stereo=False, units='deg', useFBO=False, useRetina=False, viewOri=0.0, viewPos=None, viewScale=None, waitBlanking=True, winType='pyglet')
9.3624 	EXP 	win: mouseVisible = True
9.3706 	EXP 	Created fixCross = ShapeStim(__class__=<class 'psychopy.visual.shape.ShapeStim'>, autoDraw=False, autoLog=True, closeShape=False, color=method-wrapper(...), colorSpace='rgb', contrast=None, depth=0, fillColor=array([0, 0, 0]), fillColorSpace='rgb', fillRGB=array([0, 0, 0]), interpolate=True, lineColor=array([-1., -1., -1.]), lineColorSpace='rgb', lineRGB=array([-1., -1., -1.]), lineWidth=3.0, name='fixCross', opacity=0.5, ori=0.0, pos=array([0., 0.]), size=array([1., 1.]), units='pix', vertices=ndarray(...), win=Window(...), windingRule=None)
9.3710 	WARNING 	TextStim.alignHoriz is deprecated. Use alignText and anchorHoriz attributes instead
9.4350 	EXP 	Created topMsg = TextStim(__class__=<class 'psychopy.visual.text.TextStim'>, alignHoriz='center', alignText='center', alignVert=method-wrapper(...), anchorHoriz='center', anchorVert='center', antialias=True, autoLog=True, bold=False, color=array([-1., -1., -1.]), colorSpace='rgb', contrast=1.0, depth=0, flipHoriz=False, flipVert=False, font='', fontFiles=[], height=0.1, italic=False, languageStyle='LTR', name='topMsg', opacity=1.0, ori=0.0, pos=array([0. , 0.5]), rgb=UNKNOWN, text='aaa', units='norm', win=Window(...), wrapWidth=1.5)
9.4351 	WARNING 	TextStim.alignHoriz is deprecated. Use alignText and anchorHoriz attributes instead
9.4408 	EXP 	Created bottomMsg = TextStim(__class__=<class 'psychopy.visual.text.TextStim'>, alignHoriz='center', alignText='center', alignVert=method-wrapper(...), anchorHoriz='center', anchorVert='center', antialias=True, autoLog=True, bold=False, color=array([-1., -1., -1.]), colorSpace='rgb', contrast=1.0, depth=0, flipHoriz=False, flipVert=False, font='', fontFiles=[], height=0.1, italic=False, languageStyle='LTR', name='bottomMsg', opacity=1.0, ori=0.0, pos=array([ 0. , -0.5]), rgb=UNKNOWN, text='bbb', units='norm', win=Window(...), wrapWidth=1.5)
9.4409 	WARNING 	TextStim.alignHoriz is deprecated. Use alignText and anchorHoriz attributes instead
9.4435 	EXP 	Created mainText = TextStim(__class__=<class 'psychopy.visual.text.TextStim'>, alignHoriz='center', alignText='center', alignVert=method-wrapper(...), anchorHoriz='center', anchorVert='center', antialias=True, autoLog=True, bold=False, color=array([-1., -1., -1.]), colorSpace='rgb', contrast=1.0, depth=0, flipHoriz=False, flipVert=False, font='', fontFiles=[], height=0.1, italic=False, languageStyle='LTR', name='mainText', opacity=1.0, ori=0.0, pos=array([0., 0.]), rgb=UNKNOWN, text='bbb', units='norm', win=Window(...), wrapWidth=3.5)
9.4793 	EXP 	topMsg: text = 'You will see a cross and letters on the screen. Please look directly at the center of the screen (the spot where the cross appears) throughout the experiment.'
9.4793 	EXP 	bottomMsg: text = 'Press any button to continue.'
9.4793 	EXP 	Display Instructions1
10.7396 	DATA 	Keypress: p
10.7658 	EXP 	topMsg: text = "You will see a string of letters, then instructions indicating what you should do with them. If the instructions say 'REMEMBER', remember them in the order you saw them. If they say 'ALPHABETIZE', alphabetize the letters and and remember them in that order. "
10.7658 	EXP 	bottomMsg: text = 'Press any button to continue.'
10.7658 	EXP 	Display Instructions2
11.0938 	DATA 	Keypress: p
11.1111 	EXP 	topMsg: text = "After a delay period, you will see a letter and question mark (like 'F?'). Press the button corresponding to the position of that letter in the sequence you were remembering. Respond as quickly and accurately as you can. If you're not sure, take your best guess."
11.1111 	EXP 	bottomMsg: text = 'Press any button to continue.'
11.1111 	EXP 	Display Instructions3
11.2548 	DATA 	Keypress: p
11.2682 	EXP 	topMsg: text = "On some trials, you will see a * instead of a letter (like '*?'). This means no response is needed for this trial and you can forget the sequence of letters."
11.2682 	EXP 	bottomMsg: text = 'Press any button to continue.'
11.2682 	EXP 	Display Instructions4
11.3950 	DATA 	Keypress: p
11.4120 	EXP 	topMsg: text = 'If you have any questions, please ask the experimenter now.'
11.4120 	EXP 	bottomMsg: text = 'WHEN YOU ARE READY TO BEGIN, press any button.'
11.4120 	EXP 	Display Instructions5
11.5329 	DATA 	Keypress: p
11.5444 	EXP 	topMsg: text = 'Waiting for scanner to start...'
11.5444 	EXP 	bottomMsg: text = "(Press '5' to override.)"
11.5444 	EXP 	Display WaitingForScanner
11.6809 	DATA 	Keypress: p
11.8339 	DATA 	Keypress: p
12.1778 	DATA 	Keypress: q
12.4518 	DATA 	Keypress: p
12.6186 	DATA 	Keypress: q
12.9541 	DATA 	Keypress: escape
13.2687 	DATA 	Keypress: p
13.4677 	DATA 	Keypress: q
14.3610 	DATA 	Keypress: 5
14.3667 	EXP 	Display fixation
14.3668 	EXP 	---START EXPERIMENT---
14.3675 	EXP 	trial: iTrial = 2, isRemember = 0, delayDur = 9.0, ISI = 11.0, startString = FSNGY, testLetter = Y, testLoc = 5, isCatchTrial = 0
24.3632 	DATA 	Keypress: p
24.3649 	DATA 	Keypress: q
24.3659 	DATA 	Keypress: p
24.3670 	DATA 	Keypress: p
24.3680 	DATA 	Keypress: q
24.3688 	DATA 	Keypress: p
24.3696 	DATA 	Keypress: return
24.3704 	DATA 	Keypress: p
24.3712 	DATA 	Keypress: q
24.3757 	EXP 	mainText: text = 'FSNGY'
24.3757 	EXP 	Display string (FSNGY)
26.8628 	DATA 	Keypress: p
26.8643 	DATA 	Keypress: q
26.8653 	DATA 	Keypress: p
26.8661 	DATA 	Keypress: escape
26.8670 	DATA 	Keypress: p
26.8679 	DATA 	Keypress: q
26.8686 	DATA 	Keypress: return
26.8721 	EXP 	Display fixation (pause)
28.3642 	EXP 	mainText: text = 'ALPHABETIZE'
28.3642 	EXP 	Display cue (ALPHABETIZE)
29.3641 	EXP 	Display fixation (delay)
38.3627 	DATA 	Keypress: p
38.3641 	DATA 	Keypress: q
38.3651 	DATA 	Keypress: p
38.3662 	DATA 	Keypress: q
38.3671 	DATA 	Keypress: p
38.3717 	EXP 	mainText: text = 'Y?'
38.3717 	EXP 	Display test stim (Y?)
38.3856 	EXP 	Display fixation (ISI)
38.3856 	EXP 	topMsg: text = "That's the end! "
38.3856 	EXP 	bottomMsg: text = "Press 'q' or 'escape' to end the session."
38.3856 	EXP 	Display TheEnd
40.7584 	DATA 	Keypress: q
41.3049 	EXP 	win: mouseVisible = True
