4.5623 	WARNING 	We strongly recommend you activate the PTB sound engine in PsychoPy prefs as the preferred audio engine. Its timing is vastly superior. Your prefs are currently set to use ['sounddevice', 'PTB', 'pyo', 'pygame'] (in that order).
10.2844 	INFO 	---START PARAMETERS---
10.2846 	INFO 	filename: LetterOrderTask_d3-1-1-10_30_1235
10.2846 	INFO 	subject: 1
10.2846 	INFO 	session: 1
10.2846 	INFO 	date: 10_30_1235
10.2847 	INFO 	catchProb: 0.3333333333333333
10.2847 	INFO 	cueDur: 1.0
10.2847 	INFO 	cues: ['REMEMBER', 'ALPHABETIZE']
10.2847 	INFO 	fixCrossPos: [0, 0]
10.2847 	INFO 	fixCrossSize: 50
10.2847 	INFO 	fullScreen: True
10.2847 	INFO 	letters: ABCDEFGHIJKLMNOPQRSTUVWXYZ
10.2847 	INFO 	maxDelayDur: 9.0
10.2848 	INFO 	maxISI: 11.0
10.2848 	INFO 	minDelayDur: 9.0
10.2848 	INFO 	minISI: 11.0
10.2849 	INFO 	nLetters: 5
10.2849 	INFO 	pauseDur: 1.5
10.2849 	INFO 	promptDir: Prompts/
10.2849 	INFO 	promptFile: LetterOrderPrompts_5button.txt
10.2849 	INFO 	rememberProb: 0.5
10.2849 	INFO 	respKeys: ['1', '2', '3', '4', '6']
10.2850 	INFO 	screenColor: (128, 128, 128)
10.2850 	INFO 	screenToShow: 0
10.2850 	INFO 	sessionDur: 600.0
10.2850 	INFO 	skipPrompts: False
10.2850 	INFO 	stringDur: 2.5
10.2850 	INFO 	tCoolDown: 10.0
10.2850 	INFO 	tStartup: 10.0
10.2850 	INFO 	testDur: 1.0
10.2850 	INFO 	triggerKey: 5
10.2850 	INFO 	---END PARAMETERS---
11.6828 	INFO 	Loaded monitor calibration from ['2021_08_18 14:02']
12.3356 	EXP 	Created win = Window(allowGUI=False, allowStencil=False, autoLog=True, backendConf=UNKNOWN, bitsMode=UNKNOWN, blendMode='avg', bpc=(8, 8, 8), color=array([128, 128, 128]), colorSpace='rgb255', depthBits=8, fullscr=<method-wrapper '__getattribute__' of attributeSetter object at 0x7fb28cb157c0>, gamma=None, gammaErrorPolicy='raise', lms=UNKNOWN, monitor=<psychopy.monitors.calibTools.Monitor object at 0x7fb28d09a8b0>, multiSample=False, name='win', numSamples=2, pos=[0.0, 0.0], screen=0, size=array([1440,  900]), stencilBits=0, stereo=False, units='deg', useFBO=False, useRetina=False, viewOri=0.0, viewPos=None, viewScale=None, waitBlanking=True, winType='pyglet')
12.3360 	EXP 	win: mouseVisible = True
12.3439 	EXP 	Created fixCross = ShapeStim(__class__=<class 'psychopy.visual.shape.ShapeStim'>, autoDraw=False, autoLog=True, closeShape=False, color=method-wrapper(...), colorSpace='rgb', contrast=None, depth=0, fillColor=array([0, 0, 0]), fillColorSpace='rgb', fillRGB=array([0, 0, 0]), interpolate=True, lineColor=array([-1., -1., -1.]), lineColorSpace='rgb', lineRGB=array([-1., -1., -1.]), lineWidth=3.0, name='fixCross', opacity=0.5, ori=0.0, pos=array([0., 0.]), size=array([1., 1.]), units='pix', vertices=ndarray(...), win=Window(...), windingRule=None)
12.3443 	WARNING 	TextStim.alignHoriz is deprecated. Use alignText and anchorHoriz attributes instead
12.4072 	EXP 	Created topMsg = TextStim(__class__=<class 'psychopy.visual.text.TextStim'>, alignHoriz='center', alignText='center', alignVert=method-wrapper(...), anchorHoriz='center', anchorVert='center', antialias=True, autoLog=True, bold=False, color=array([-1., -1., -1.]), colorSpace='rgb', contrast=1.0, depth=0, flipHoriz=False, flipVert=False, font='', fontFiles=[], height=0.1, italic=False, languageStyle='LTR', name='topMsg', opacity=1.0, ori=0.0, pos=array([0. , 0.5]), rgb=UNKNOWN, text='aaa', units='norm', win=Window(...), wrapWidth=1.5)
12.4073 	WARNING 	TextStim.alignHoriz is deprecated. Use alignText and anchorHoriz attributes instead
12.4110 	EXP 	Created bottomMsg = TextStim(__class__=<class 'psychopy.visual.text.TextStim'>, alignHoriz='center', alignText='center', alignVert=method-wrapper(...), anchorHoriz='center', anchorVert='center', antialias=True, autoLog=True, bold=False, color=array([-1., -1., -1.]), colorSpace='rgb', contrast=1.0, depth=0, flipHoriz=False, flipVert=False, font='', fontFiles=[], height=0.1, italic=False, languageStyle='LTR', name='bottomMsg', opacity=1.0, ori=0.0, pos=array([ 0. , -0.5]), rgb=UNKNOWN, text='bbb', units='norm', win=Window(...), wrapWidth=1.5)
12.4110 	WARNING 	TextStim.alignHoriz is deprecated. Use alignText and anchorHoriz attributes instead
12.4136 	EXP 	Created mainText = TextStim(__class__=<class 'psychopy.visual.text.TextStim'>, alignHoriz='center', alignText='center', alignVert=method-wrapper(...), anchorHoriz='center', anchorVert='center', antialias=True, autoLog=True, bold=False, color=array([-1., -1., -1.]), colorSpace='rgb', contrast=1.0, depth=0, flipHoriz=False, flipVert=False, font='', fontFiles=[], height=0.1, italic=False, languageStyle='LTR', name='mainText', opacity=1.0, ori=0.0, pos=array([0., 0.]), rgb=UNKNOWN, text='bbb', units='norm', win=Window(...), wrapWidth=3.5)
12.4508 	EXP 	topMsg: text = 'You will see a cross and letters on the screen. Please look directly at the center of the screen (the spot where the cross appears) throughout the experiment.'
12.4508 	EXP 	bottomMsg: text = 'Press any button to continue.'
12.4508 	EXP 	Display Instructions1
12.9101 	DATA 	Keypress: return
12.9351 	EXP 	topMsg: text = "You will see a string of letters, then instructions indicating what you should do with them. If the instructions say 'REMEMBER', remember them in the order you saw them. If they say 'ALPHABETIZE', alphabetize the letters and and remember them in that order. "
12.9351 	EXP 	bottomMsg: text = 'Press any button to continue.'
12.9351 	EXP 	Display Instructions2
13.0879 	DATA 	Keypress: return
13.1054 	EXP 	topMsg: text = "After a delay period, you will see a letter and question mark (like 'F?'). Press the button corresponding to the position of that letter in the sequence you were remembering. Respond as quickly and accurately as you can. If you're not sure, take your best guess."
13.1054 	EXP 	bottomMsg: text = 'Press any button to continue.'
13.1054 	EXP 	Display Instructions3
13.2477 	DATA 	Keypress: return
13.2601 	EXP 	topMsg: text = "On some trials, you will see a * instead of a letter (like '*?'). This means no response is needed for this trial and you can forget the sequence of letters."
13.2601 	EXP 	bottomMsg: text = 'Press any button to continue.'
13.2601 	EXP 	Display Instructions4
13.4142 	DATA 	Keypress: return
13.4326 	EXP 	topMsg: text = 'If you have any questions, please ask the experimenter now.'
13.4326 	EXP 	bottomMsg: text = 'WHEN YOU ARE READY TO BEGIN, press any button.'
13.4326 	EXP 	Display Instructions5
13.5630 	DATA 	Keypress: return
13.5774 	EXP 	topMsg: text = 'Waiting for scanner to start...'
13.5774 	EXP 	bottomMsg: text = "(Press '5' to override.)"
13.5774 	EXP 	Display WaitingForScanner
13.7122 	DATA 	Keypress: return
13.8587 	DATA 	Keypress: return
14.0078 	DATA 	Keypress: return
14.5001 	DATA 	Keypress: 5
14.5064 	EXP 	Display fixation
14.5064 	EXP 	---START EXPERIMENT---
14.5069 	EXP 	trial: iTrial = 2, isRemember = 1, delayDur = 9.0, ISI = 11.0, startString = MUGZJ, testLetter = M, testLoc = 1, isCatchTrial = 0
24.5054 	EXP 	mainText: text = 'MUGZJ'
24.5054 	EXP 	Display string (MUGZJ)
27.0042 	EXP 	Display fixation (pause)
28.5022 	DATA 	Keypress: q
28.5054 	EXP 	mainText: text = 'REMEMBER'
28.5054 	EXP 	Display cue (REMEMBER)
29.5022 	DATA 	Keypress: p
29.5040 	DATA 	Keypress: p
29.5062 	EXP 	Display fixation (delay)
38.5024 	DATA 	Keypress: q
38.5047 	EXP 	mainText: text = 'M?'
38.5047 	EXP 	Display test stim (M?)
38.5200 	EXP 	Display fixation (ISI)
38.5200 	EXP 	topMsg: text = "That's the end! "
38.5200 	EXP 	bottomMsg: text = "Press 'q' or 'escape' to end the session."
38.5200 	EXP 	Display TheEnd
38.8550 	DATA 	Keypress: q
39.4026 	EXP 	win: mouseVisible = True
