3.3841 	WARNING 	We strongly recommend you activate the PTB sound engine in PsychoPy prefs as the preferred audio engine. Its timing is vastly superior. Your prefs are currently set to use ['sounddevice', 'PTB', 'pyo', 'pygame'] (in that order).
7.1076 	INFO 	---START PARAMETERS---
7.1077 	INFO 	filename: ColorVig-1-1-10_30_1530
7.1077 	INFO 	subject: 1
7.1077 	INFO 	session: 1
7.1077 	INFO 	date: 10_30_1530
7.1077 	INFO 	BlockTimeRange: [10, 15]
7.1077 	INFO 	IBI: 1
7.1077 	INFO 	ITI_max: 3.0
7.1077 	INFO 	ITI_min: 1.0
7.1077 	INFO 	dotColor: black
7.1077 	INFO 	dotRadius: 10.0
7.1077 	INFO 	fixCrossSize: 10
7.1078 	INFO 	fullScreen: True
7.1078 	INFO 	nBlocks: 1
7.1078 	INFO 	promptType: Default
7.1078 	INFO 	respKey: j
7.1078 	INFO 	screenToShow: 0
7.1078 	INFO 	targetColor: red
7.1078 	INFO 	targetDuration: 0.1
7.1078 	INFO 	targetRadius: 10.0
7.1078 	INFO 	triggerKey: t
7.1078 	INFO 	---END PARAMETERS---
8.5146 	INFO 	Loaded monitor calibration from ['2021_08_18 14:02']
8.5260 	WARNING 	User requested fullscreen with size [800 600], but screen is actually [1440, 900]. Using actual size
9.1654 	EXP 	Created win = Window(allowGUI=False, allowStencil=False, autoLog=True, backendConf=UNKNOWN, bitsMode=UNKNOWN, blendMode='avg', bpc=(8, 8, 8), color=array([0, 0, 0]), colorSpace='rgb', depthBits=8, fullscr=<method-wrapper '__getattribute__' of attributeSetter object at 0x7f91984080a0>, gamma=None, gammaErrorPolicy='raise', lms=UNKNOWN, monitor=<psychopy.monitors.calibTools.Monitor object at 0x7f91987fbfa0>, multiSample=False, name='win', numSamples=2, pos=[0.0, 0.0], screen=0, size=array([1440,  900]), stencilBits=0, stereo=False, units='deg', useFBO=False, useRetina=False, viewOri=0.0, viewPos=None, viewScale=None, waitBlanking=True, winType='pyglet')
9.1659 	EXP 	win: mouseVisible = True
9.1807 	EXP 	Created unnamed ShapeStim = ShapeStim(__class__=<class 'psychopy.visual.shape.ShapeStim'>, autoDraw=False, autoLog=True, closeShape=False, color=method-wrapper(...), colorSpace='rgb', contrast=None, depth=0, fillColor=array([0, 0, 0]), fillColorSpace='rgb', fillRGB=array([0, 0, 0]), interpolate=True, lineColor=array([-1., -1., -1.]), lineColorSpace='rgb', lineRGB=array([-1., -1., -1.]), lineWidth=3.0, name='unnamed ShapeStim', opacity=0.5, ori=0.0, pos=array([0., 0.]), size=array([1., 1.]), units='pix', vertices=ndarray(...), win=Window(...), windingRule=None)
9.1810 	WARNING 	TextStim.alignHoriz is deprecated. Use alignText and anchorHoriz attributes instead
9.2420 	EXP 	Created topMsg = TextStim(__class__=<class 'psychopy.visual.text.TextStim'>, alignHoriz='center', alignText='center', alignVert=method-wrapper(...), anchorHoriz='center', anchorVert='center', antialias=True, autoLog=True, bold=False, color=array([-1., -1., -1.]), colorSpace='rgb', contrast=1.0, depth=0, flipHoriz=False, flipVert=False, font='', fontFiles=[], height=1.0, italic=False, languageStyle='LTR', name='topMsg', opacity=1.0, ori=0.0, pos=array([0., 3.]), rgb=UNKNOWN, text='aaa', units='deg', win=Window(...), wrapWidth=30)
9.2421 	WARNING 	TextStim.alignHoriz is deprecated. Use alignText and anchorHoriz attributes instead
9.2458 	EXP 	Created bottomMsg = TextStim(__class__=<class 'psychopy.visual.text.TextStim'>, alignHoriz='center', alignText='center', alignVert=method-wrapper(...), anchorHoriz='center', anchorVert='center', antialias=True, autoLog=True, bold=False, color=array([-1., -1., -1.]), colorSpace='rgb', contrast=1.0, depth=0, flipHoriz=False, flipVert=False, font='', fontFiles=[], height=1.0, italic=False, languageStyle='LTR', name='bottomMsg', opacity=1.0, ori=0.0, pos=array([ 0., -3.]), rgb=UNKNOWN, text='bbb', units='deg', win=Window(...), wrapWidth=30)
9.2512 	EXP 	Created unnamed Circle = Circle(__class__=<class 'psychopy.visual.circle.Circle'>, autoDraw=False, autoLog=True, closeShape=True, color=method-wrapper(...), colorSpace='rgb', contrast=None, depth=0, fillColor=array([-1, -1, -1]), fillColorSpace='rgb', fillRGB=array([-1, -1, -1]), interpolate=True, lineColor=array([-1., -1., -1.]), lineColorSpace='rgb', lineRGB=array([-1, -1, -1]), lineWidth=1.5, name='unnamed Circle', opacity=1, ori=0.0, pos=array([0., 0.]), size=array([1., 1.]), units='pix', vertices=ndarray(...), win=Window(...))
9.2538 	EXP 	Created unnamed Circle = Circle(__class__=<class 'psychopy.visual.circle.Circle'>, autoDraw=False, autoLog=True, closeShape=True, color=method-wrapper(...), colorSpace='rgb', contrast=None, depth=0, fillColor=array([ 1, -1, -1]), fillColorSpace='rgb', fillRGB=array([ 1, -1, -1]), interpolate=True, lineColor=array([ 1., -1., -1.]), lineColorSpace='rgb', lineRGB=array([ 1, -1, -1]), lineWidth=1.5, name='unnamed Circle', opacity=1, ori=0.0, pos=array([0., 0.]), size=array([1., 1.]), units='pix', vertices=ndarray(...), win=Window(...))
9.2901 	EXP 	topMsg: text = 'During this task, a black dot will display in the middle of the screen. Look at the dot for the duration of the task. When the dot turns red, press the J key with your right index finger.'
9.2901 	EXP 	bottomMsg: text = 'Press any key to continue.'
9.2901 	EXP 	Display Instructions1
10.8750 	DATA 	Keypress: return
12.4336 	DATA 	Keypress: return
13.8811 	DATA 	Mouse: Left button down, pos=(813,376)
14.0143 	DATA 	Mouse:  Left button up, pos=(813,376)
14.2569 	DATA 	Keypress: h
14.2836 	EXP 	topMsg: text = "Just before and after each block of trials, a cross will appear. Look directly at the cross while it's on the screen."
14.2836 	EXP 	bottomMsg: text = "WHEN YOU'RE READY TO BEGIN, press any key."
14.2836 	EXP 	Display Instructions2
14.7222 	DATA 	Keypress: h
14.7352 	EXP 	topMsg: text = 'Waiting for scanner to start...'
14.7352 	EXP 	bottomMsg: text = "(Press 'T' to override.)"
14.7352 	EXP 	Display WaitingForScanner
15.0271 	DATA 	Keypress: h
15.7958 	DATA 	Keypress: t
15.8067 	EXP 	Display Fixation
16.8068 	EXP 	---START EXPERIMENT---
16.8068 	EXP 	Start Block 0
16.8143 	EXP 	Display Dot
18.0490 	DATA 	Keypress: j
18.6303 	EXP 	Display Target
18.7301 	EXP 	Display Dot
19.7160 	DATA 	Keypress: p
20.0302 	EXP 	Display Target
20.1302 	EXP 	Display Dot
20.3158 	DATA 	Keypress: q
20.8681 	EXP 	win: mouseVisible = True
