4.9033 	WARNING 	We strongly recommend you activate the PTB sound engine in PsychoPy prefs as the preferred audio engine. Its timing is vastly superior. Your prefs are currently set to use ['sounddevice', 'PTB', 'pyo', 'pygame'] (in that order).
7.2422 	INFO 	---START PARAMETERS---
7.2423 	INFO 	subject: 1
7.2423 	INFO 	session: 1
7.2423 	INFO 	date: 10_30_1533
7.2423 	INFO 	isPractice: 0
7.2423 	INFO 	blockLengths: [100]
7.2423 	INFO 	randomizeBlocks: 1
7.2423 	INFO 	ITI_min: 2.500000
7.2424 	INFO 	ITI_range: 1.000000
7.2424 	INFO 	flankerDur: 0.080000
7.2424 	INFO 	targetDur: 0.030000
7.2424 	INFO 	respDur: 1
7.2424 	INFO 	blankDur: 0.000000
7.2424 	INFO 	IBI: 5.000000
7.2424 	INFO 	respKeys: ['j', 'k']
7.2424 	INFO 	wanderKey: z
7.2424 	INFO 	triggerKey: t
7.2424 	INFO 	isFullScreen: 1
7.2424 	INFO 	fixCrossSize: 10.000000
7.2424 	INFO 	rtDeadline: 1.000000
7.2424 	INFO 	rtTooSlowDur: 0.600000
7.2424 	INFO 	nCoherentsAtEnd: 5
7.2424 	INFO 	probeProb: 1.000000
7.2424 	INFO 	---END PARAMETERS---
7.2439 	INFO 	Loaded monitor calibration from ['2021_08_18 14:02']
7.2513 	WARNING 	User requested fullscreen with size [800 600], but screen is actually [1440, 900]. Using actual size
7.8866 	EXP 	Created win = Window(allowGUI=False, allowStencil=False, autoLog=True, backendConf=UNKNOWN, bitsMode=UNKNOWN, blendMode='avg', bpc=(8, 8, 8), color=array([0, 0, 0]), colorSpace='rgb', depthBits=8, fullscr=<method-wrapper '__getattribute__' of attributeSetter object at 0x7fb826210d90>, gamma=None, gammaErrorPolicy='raise', lms=UNKNOWN, monitor=<psychopy.monitors.calibTools.Monitor object at 0x7fb81fa24fa0>, multiSample=False, name='win', numSamples=2, pos=[0.0, 0.0], screen=0, size=array([1440,  900]), stencilBits=0, stereo=False, units='deg', useFBO=False, useRetina=False, viewOri=0.0, viewPos=None, viewScale=None, waitBlanking=True, winType='pyglet')
7.8870 	EXP 	win: mouseVisible = True
7.8952 	EXP 	Created unnamed ShapeStim = ShapeStim(__class__=<class 'psychopy.visual.shape.ShapeStim'>, autoDraw=False, autoLog=True, closeShape=False, color=method-wrapper(...), colorSpace='rgb', contrast=None, depth=0, fillColor=array([0, 0, 0]), fillColorSpace='rgb', fillRGB=array([0, 0, 0]), interpolate=True, lineColor=array([-1., -1., -1.]), lineColorSpace='rgb', lineRGB=array([-1., -1., -1.]), lineWidth=3.0, name='unnamed ShapeStim', opacity=0.5, ori=0.0, pos=array([0., 0.]), size=array([1., 1.]), units='pix', vertices=ndarray(...), win=Window(...), windingRule=None)
7.8957 	WARNING 	TextStim.alignHoriz is deprecated. Use alignText and anchorHoriz attributes instead
7.9684 	EXP 	Created topMsg = TextStim(__class__=<class 'psychopy.visual.text.TextStim'>, alignHoriz='center', alignText='center', alignVert=method-wrapper(...), anchorHoriz='center', anchorVert='center', antialias=True, autoLog=True, bold=False, color=array([-1., -1., -1.]), colorSpace='rgb', contrast=1.0, depth=0, flipHoriz=False, flipVert=False, font='', fontFiles=[], height=1.0, italic=False, languageStyle='LTR', name='topMsg', opacity=1.0, ori=0.0, pos=array([0., 3.]), rgb=UNKNOWN, text='aaa', units='deg', win=Window(...), wrapWidth=15.0)
7.9685 	WARNING 	TextStim.alignHoriz is deprecated. Use alignText and anchorHoriz attributes instead
7.9735 	EXP 	Created bottomMsg = TextStim(__class__=<class 'psychopy.visual.text.TextStim'>, alignHoriz='center', alignText='center', alignVert=method-wrapper(...), anchorHoriz='center', anchorVert='center', antialias=True, autoLog=True, bold=False, color=array([-1., -1., -1.]), colorSpace='rgb', contrast=1.0, depth=0, flipHoriz=False, flipVert=False, font='', fontFiles=[], height=1.0, italic=False, languageStyle='LTR', name='bottomMsg', opacity=1.0, ori=0.0, pos=array([ 0., -3.]), rgb=UNKNOWN, text='bbb', units='deg', win=Window(...), wrapWidth=15.0)
7.9736 	WARNING 	TextStim.alignHoriz is deprecated. Use alignText and anchorHoriz attributes instead
8.0046 	EXP 	Created target = TextStim(__class__=<class 'psychopy.visual.text.TextStim'>, alignHoriz='center', alignText='center', alignVert=method-wrapper(...), anchorHoriz='center', anchorVert='center', antialias=True, autoLog=True, bold=False, color=array([-1., -1., -1.]), colorSpace='rgb', contrast=1.0, depth=0, flipHoriz=False, flipVert=False, font='', fontFiles=[], height=2, italic=False, languageStyle='LTR', name='target', opacity=1.0, ori=0.0, pos=array([0., 0.]), rgb=UNKNOWN, text='←', units='deg', win=Window(...), wrapWidth=15.0)
8.0048 	WARNING 	TextStim.alignHoriz is deprecated. Use alignText and anchorHoriz attributes instead
8.0106 	EXP 	Created flanker1 = TextStim(__class__=<class 'psychopy.visual.text.TextStim'>, alignHoriz='center', alignText='center', alignVert=method-wrapper(...), anchorHoriz='center', anchorVert='center', antialias=True, autoLog=True, bold=False, color=array([-1., -1., -1.]), colorSpace='rgb', contrast=1.0, depth=0, flipHoriz=False, flipVert=False, font='', fontFiles=[], height=2, italic=False, languageStyle='LTR', name='flanker1', opacity=1.0, ori=0.0, pos=array([ 0., -4.]), rgb=UNKNOWN, text='→', units='deg', win=Window(...), wrapWidth=15.0)
8.0107 	WARNING 	TextStim.alignHoriz is deprecated. Use alignText and anchorHoriz attributes instead
8.0136 	EXP 	Created flanker2 = TextStim(__class__=<class 'psychopy.visual.text.TextStim'>, alignHoriz='center', alignText='center', alignVert=method-wrapper(...), anchorHoriz='center', anchorVert='center', antialias=True, autoLog=True, bold=False, color=array([-1., -1., -1.]), colorSpace='rgb', contrast=1.0, depth=0, flipHoriz=False, flipVert=False, font='', fontFiles=[], height=2, italic=False, languageStyle='LTR', name='flanker2', opacity=1.0, ori=0.0, pos=array([ 0., -2.]), rgb=UNKNOWN, text='→', units='deg', win=Window(...), wrapWidth=15.0)
8.0136 	WARNING 	TextStim.alignHoriz is deprecated. Use alignText and anchorHoriz attributes instead
8.0161 	EXP 	Created flanker3 = TextStim(__class__=<class 'psychopy.visual.text.TextStim'>, alignHoriz='center', alignText='center', alignVert=method-wrapper(...), anchorHoriz='center', anchorVert='center', antialias=True, autoLog=True, bold=False, color=array([-1., -1., -1.]), colorSpace='rgb', contrast=1.0, depth=0, flipHoriz=False, flipVert=False, font='', fontFiles=[], height=2, italic=False, languageStyle='LTR', name='flanker3', opacity=1.0, ori=0.0, pos=array([0., 2.]), rgb=UNKNOWN, text='→', units='deg', win=Window(...), wrapWidth=15.0)
8.0162 	WARNING 	TextStim.alignHoriz is deprecated. Use alignText and anchorHoriz attributes instead
8.0186 	EXP 	Created flanker4 = TextStim(__class__=<class 'psychopy.visual.text.TextStim'>, alignHoriz='center', alignText='center', alignVert=method-wrapper(...), anchorHoriz='center', anchorVert='center', antialias=True, autoLog=True, bold=False, color=array([-1., -1., -1.]), colorSpace='rgb', contrast=1.0, depth=0, flipHoriz=False, flipVert=False, font='', fontFiles=[], height=2, italic=False, languageStyle='LTR', name='flanker4', opacity=1.0, ori=0.0, pos=array([0., 4.]), rgb=UNKNOWN, text='→', units='deg', win=Window(...), wrapWidth=15.0)
8.0186 	WARNING 	TextStim.alignHoriz is deprecated. Use alignText and anchorHoriz attributes instead
8.0298 	EXP 	Created tooSlow = TextStim(__class__=<class 'psychopy.visual.text.TextStim'>, alignHoriz='center', alignText='center', alignVert=method-wrapper(...), anchorHoriz='center', anchorVert='center', antialias=True, autoLog=True, bold=False, color=array([ 1., -1., -1.]), colorSpace='rgb', contrast=1.0, depth=0, flipHoriz=False, flipVert=False, font='', fontFiles=[], height=1.0, italic=False, languageStyle='LTR', name='tooSlow', opacity=1.0, ori=0.0, pos=array([0., 0.]), rgb=UNKNOWN, text='Too Slow!', units='deg', win=Window(...), wrapWidth=15.0)
8.0678 	EXP 	topMsg: text = 'Keep your eyes on the cross at the center of the screen when it appears. You will then see a series of arrows.Using your right hand, press J whenever the middle arrow points LEFT and K when it points RIGHT.'
8.0678 	EXP 	bottomMsg: text = 'Press any key to continue.'
8.0678 	EXP 	Display Instructions1
8.6871 	DATA 	Mouse: Left button down, pos=(545,571)
8.7868 	DATA 	Mouse:  Left button up, pos=(545,571)
9.1868 	DATA 	Keypress: return
9.1997 	EXP 	topMsg: text = "If you answer too slowly, you'll see a message reminding you to speed up. Please respond as accurately as possible without being slower than this deadline."
9.1997 	EXP 	bottomMsg: text = 'Press any key to continue.'
9.1997 	EXP 	Display Instructions2
9.5810 	DATA 	Keypress: return
9.5920 	EXP 	topMsg: text = "If at any time you notice that your mind has been wandering, press the 'Z' key with your left index finger."
9.5920 	EXP 	bottomMsg: text = 'Press any key to continue.'
9.5920 	EXP 	Display Instructions3
9.8011 	DATA 	Keypress: return
9.8124 	EXP 	topMsg: text = 'Sometimes, a question may appear. When this happens, answer the question using the number keys.'
9.8124 	EXP 	bottomMsg: text = 'Press any key to continue.'
9.8124 	EXP 	Display Instructions4
9.9859 	DATA 	Keypress: return
9.9976 	EXP 	topMsg: text = 'Waiting for scanner to start...'
9.9976 	EXP 	bottomMsg: text = "(Press 'T' to override.)"
9.9976 	EXP 	Display WaitingForScanner
10.1920 	DATA 	Keypress: return
10.8430 	DATA 	Keypress: rshift
10.9883 	DATA 	Keypress: t
10.9951 	EXP 	Display Fixation
15.9975 	EXP 	---START EXPERIMENT---
15.9975 	EXP 	Start Block 0
16.0024 	EXP 	Display Fixation
16.0137 	EXP 	flanker1: text = '←'
16.0137 	EXP 	flanker2: text = '←'
16.0137 	EXP 	flanker3: text = '←'
16.0137 	EXP 	flanker4: text = '←'
16.0137 	EXP 	Display LeftFlankers
16.1010 	EXP 	target: text = '←'
16.1010 	EXP 	Display LeftTarget
16.1341 	EXP 	Display Blank
17.5079 	EXP 	Display TooSlow
18.1117 	EXP 	Display Fixation
19.3547 	EXP 	flanker1: text = '→'
19.3547 	EXP 	flanker2: text = '→'
19.3547 	EXP 	flanker3: text = '→'
19.3547 	EXP 	flanker4: text = '→'
19.3547 	EXP 	Display RightFlankers
19.4427 	EXP 	target: text = '→'
19.4427 	EXP 	Display RightTarget
19.4757 	EXP 	Display Blank
20.0722 	DATA 	Keypress: p
20.1761 	DATA 	Keypress: q
20.8492 	EXP 	Display TooSlow
20.8670 	DATA 	Keypress: p
21.9949 	EXP 	win: mouseVisible = True
