4.9189 	WARNING 	We strongly recommend you activate the PTB sound engine in PsychoPy prefs as the preferred audio engine. Its timing is vastly superior. Your prefs are currently set to use ['sounddevice', 'PTB', 'pyo', 'pygame'] (in that order).
6.6619 	INFO 	---START PARAMETERS---
6.6620 	INFO 	subject: 1
6.6620 	INFO 	session: 1
6.6621 	INFO 	date: 10_30_1547
6.6621 	INFO 	isPractice: 0
6.6621 	INFO 	nBlocks: 1
6.6621 	INFO 	nTrialsPerBlock: 200
6.6621 	INFO 	fixDur_min: 0.000000
6.6621 	INFO 	fixDur_range: 1.000000
6.6621 	INFO 	digitDur: 0.100000
6.6621 	INFO 	respDur: 1
6.6621 	INFO 	ITI: 0.000000
6.6621 	INFO 	IBI: 10.000000
6.6621 	INFO 	targetDigit: 3
6.6621 	INFO 	targetFrac: 0.100000
6.6621 	INFO 	targetProb: 0.111111
6.6621 	INFO 	respKey: j
6.6621 	INFO 	wanderKey: z
6.6621 	INFO 	triggerKey: t
6.6621 	INFO 	fullScreen: True
6.6621 	INFO 	fixCrossSize: 10
6.6621 	INFO 	probeProb: 0.000000
6.6622 	INFO 	---END PARAMETERS---
6.6638 	INFO 	Loaded monitor calibration from ['2021_08_18 14:02']
6.6707 	WARNING 	User requested fullscreen with size [800 600], but screen is actually [1440, 900]. Using actual size
7.3107 	EXP 	Created win = Window(allowGUI=False, allowStencil=False, autoLog=True, backendConf=UNKNOWN, bitsMode=UNKNOWN, blendMode='avg', bpc=(8, 8, 8), color=array([0, 0, 0]), colorSpace='rgb', depthBits=8, fullscr=<method-wrapper '__getattribute__' of attributeSetter object at 0x7fa3e9235eb0>, gamma=None, gammaErrorPolicy='raise', lms=UNKNOWN, monitor=<psychopy.monitors.calibTools.Monitor object at 0x7fa3e9a7ef70>, multiSample=False, name='win', numSamples=2, pos=[0.0, 0.0], screen=0, size=array([1440,  900]), stencilBits=0, stereo=False, units='deg', useFBO=False, useRetina=False, viewOri=0.0, viewPos=None, viewScale=None, waitBlanking=True, winType='pyglet')
7.3111 	EXP 	win: mouseVisible = True
7.3196 	EXP 	Created unnamed ShapeStim = ShapeStim(__class__=<class 'psychopy.visual.shape.ShapeStim'>, autoDraw=False, autoLog=True, closeShape=False, color=method-wrapper(...), colorSpace='rgb', contrast=None, depth=0, fillColor=array([0, 0, 0]), fillColorSpace='rgb', fillRGB=array([0, 0, 0]), interpolate=True, lineColor=array([-1., -1., -1.]), lineColorSpace='rgb', lineRGB=array([-1., -1., -1.]), lineWidth=3.0, name='unnamed ShapeStim', opacity=0.5, ori=0.0, pos=array([0., 0.]), size=array([1., 1.]), units='pix', vertices=ndarray(...), win=Window(...), windingRule=None)
7.3201 	WARNING 	TextStim.alignHoriz is deprecated. Use alignText and anchorHoriz attributes instead
7.3808 	EXP 	Created topMsg = TextStim(__class__=<class 'psychopy.visual.text.TextStim'>, alignHoriz='center', alignText='center', alignVert=method-wrapper(...), anchorHoriz='center', anchorVert='center', antialias=True, autoLog=True, bold=False, color=array([-1., -1., -1.]), colorSpace='rgb', contrast=1.0, depth=0, flipHoriz=False, flipVert=False, font='', fontFiles=[], height=1.0, italic=False, languageStyle='LTR', name='topMsg', opacity=1.0, ori=0.0, pos=array([0., 3.]), rgb=UNKNOWN, text='aaa', units='deg', win=Window(...), wrapWidth=15.0)
7.3809 	WARNING 	TextStim.alignHoriz is deprecated. Use alignText and anchorHoriz attributes instead
7.3847 	EXP 	Created bottomMsg = TextStim(__class__=<class 'psychopy.visual.text.TextStim'>, alignHoriz='center', alignText='center', alignVert=method-wrapper(...), anchorHoriz='center', anchorVert='center', antialias=True, autoLog=True, bold=False, color=array([-1., -1., -1.]), colorSpace='rgb', contrast=1.0, depth=0, flipHoriz=False, flipVert=False, font='', fontFiles=[], height=1.0, italic=False, languageStyle='LTR', name='bottomMsg', opacity=1.0, ori=0.0, pos=array([ 0., -3.]), rgb=UNKNOWN, text='bbb', units='deg', win=Window(...), wrapWidth=15.0)
7.3847 	WARNING 	TextStim.alignHoriz is deprecated. Use alignText and anchorHoriz attributes instead
7.3883 	EXP 	Created digit = TextStim(__class__=<class 'psychopy.visual.text.TextStim'>, alignHoriz='center', alignText='center', alignVert=method-wrapper(...), anchorHoriz='center', anchorVert='center', antialias=True, autoLog=True, bold=False, color=array([-1., -1., -1.]), colorSpace='rgb', contrast=1.0, depth=0, flipHoriz=False, flipVert=False, font='', fontFiles=[], height=1.0, italic=False, languageStyle='LTR', name='digit', opacity=1.0, ori=0.0, pos=array([0., 0.]), rgb=UNKNOWN, text='3', units='deg', win=Window(...), wrapWidth=15.0)
7.4285 	EXP 	topMsg: text = 'Keep your eyes on the cross at the center of the screen when it appears. You will then see a series of numbers. Using your right index finger, press J whenever you see a digit that is NOT 3.'
7.4285 	EXP 	bottomMsg: text = 'Press any key to continue.'
7.4285 	EXP 	Display Instructions1
8.0177 	DATA 	Keypress: return
8.0274 	EXP 	topMsg: text = 'Please respond as quickly as possible without sacrificing accuracy.'
8.0274 	EXP 	bottomMsg: text = 'Press any key to continue.'
8.0274 	EXP 	Display Instructions2
8.2080 	DATA 	Keypress: return
8.2203 	EXP 	topMsg: text = "If at any time you notice that your mind has been wandering, press the 'Z' key with your left index finger."
8.2203 	EXP 	bottomMsg: text = 'Press any key to continue.'
8.2203 	EXP 	Display Instructions3
8.3658 	DATA 	Keypress: return
8.3860 	EXP 	topMsg: text = 'Sometimes, a question may appear. When this happens, answer the question using the number keys.'
8.3860 	EXP 	bottomMsg: text = "WHEN YOU'RE READY TO BEGIN, press any key."
8.3860 	EXP 	Display Instructions4
8.5172 	DATA 	Keypress: return
8.5300 	EXP 	topMsg: text = 'Waiting for scanner to start...'
8.5300 	EXP 	bottomMsg: text = "(Press 'T' to override.)"
8.5300 	EXP 	Display WaitingForScanner
8.6719 	DATA 	Keypress: return
8.8590 	DATA 	Keypress: return
9.1667 	DATA 	Keypress: rshift
9.2836 	DATA 	Keypress: t
9.2843 	EXP 	---START EXPERIMENT---
9.2844 	EXP 	Start Block 0
9.2926 	EXP 	Display Fixation
10.1346 	EXP 	digit: text = '2'
10.1346 	EXP 	Display NonTarget
10.2377 	EXP 	Display Fixation
11.1412 	EXP 	Display Fixation
11.2322 	EXP 	digit: text = '7'
11.2322 	EXP 	Display NonTarget
11.3354 	EXP 	Display Fixation
12.0792 	DATA 	Keypress: 7
12.2387 	EXP 	Display Fixation
12.6319 	DATA 	Keypress: p
12.7759 	DATA 	Keypress: q
13.0809 	EXP 	digit: text = '8'
13.0809 	EXP 	Display NonTarget
13.1840 	EXP 	Display Fixation
13.5879 	DATA 	Keypress: p
13.6837 	DATA 	Keypress: q
14.6296 	EXP 	win: mouseVisible = True
