4.0939 	WARNING 	We strongly recommend you activate the PTB sound engine in PsychoPy prefs as the preferred audio engine. Its timing is vastly superior. Your prefs are currently set to use ['sounddevice', 'PTB', 'pyo', 'pygame'] (in that order).
9.3592 	INFO 	---START PARAMETERS---
9.3593 	INFO 	filename: Sequence-1-1-10_30_1443
9.3593 	INFO 	subject: 1
9.3593 	INFO 	session: 1
9.3594 	INFO 	date: 10_30_1443
9.3594 	INFO 	beatTime: 0.75
9.3594 	INFO 	chanceOfRepeat: 0.5
9.3594 	INFO 	delayTime: 6.0
9.3594 	INFO 	fixCrossPos: (0, 0)
9.3594 	INFO 	fixCrossSize: 50
9.3594 	INFO 	fullScreen: True
9.3594 	INFO 	goSound: numbers/go.wav
9.3594 	INFO 	maxITI: 9.0
9.3594 	INFO 	minITI: 6.0
9.3594 	INFO 	nTrials: 3
9.3594 	INFO 	previewSound: numbers/next.wav
9.3594 	INFO 	promptType: Default
9.3594 	INFO 	randomizeOrder: True
9.3594 	INFO 	respKeys: ['1', '2']
9.3594 	INFO 	respTime: 3.0
9.3594 	INFO 	screenToShow: 0
9.3594 	INFO 	sequenceSounds: ['numbers/one.wav', 'numbers/two.wav', 'numbers/three.wav', 'numbers/four.wav']
9.3595 	INFO 	sequences: [[4, 3, 2, 1], [4, 3, 2, 2], [1, 4, 2, 3], [1, 4, 2, 4]]
9.3595 	INFO 	skipPrompts: False
9.3595 	INFO 	soundVolume: 1
9.3595 	INFO 	tStartup: 0.0
9.3595 	INFO 	trialTime: 3.0
9.3595 	INFO 	triggerKey: t
9.3595 	INFO 	usePhotodiode: False
9.3595 	INFO 	visHeight: 1
9.3595 	INFO 	wrapWidth: 30
9.3595 	INFO 	---END PARAMETERS---
10.5593 	INFO 	Loaded monitor calibration from ['2021_08_18 14:02']
10.5652 	WARNING 	User requested fullscreen with size [800 600], but screen is actually [1440, 900]. Using actual size
11.2078 	EXP 	Created win = Window(allowGUI=False, allowStencil=False, autoLog=True, backendConf=UNKNOWN, bitsMode=UNKNOWN, blendMode='avg', bpc=(8, 8, 8), color=array([0, 0, 0]), colorSpace='rgb', depthBits=8, fullscr=<method-wrapper '__getattribute__' of attributeSetter object at 0x7ff6193fe190>, gamma=None, gammaErrorPolicy='raise', lms=UNKNOWN, monitor=<psychopy.monitors.calibTools.Monitor object at 0x7ff619814310>, multiSample=False, name='win', numSamples=2, pos=[0.0, 0.0], screen=0, size=array([1440,  900]), stencilBits=0, stereo=False, units='deg', useFBO=False, useRetina=False, viewOri=0.0, viewPos=None, viewScale=None, waitBlanking=True, winType='pyglet')
11.2085 	EXP 	win: mouseVisible = True
11.2168 	EXP 	Created unnamed ShapeStim = ShapeStim(__class__=<class 'psychopy.visual.shape.ShapeStim'>, autoDraw=False, autoLog=True, closeShape=False, color=method-wrapper(...), colorSpace='rgb', contrast=None, depth=0, fillColor=array([0, 0, 0]), fillColorSpace='rgb', fillRGB=array([0, 0, 0]), interpolate=True, lineColor=array([-1., -1., -1.]), lineColorSpace='rgb', lineRGB=array([-1., -1., -1.]), lineWidth=3.0, name='unnamed ShapeStim', opacity=0.5, ori=0.0, pos=array([0., 0.]), size=array([1., 1.]), units='pix', vertices=ndarray(...), win=Window(...), windingRule=None)
11.2215 	EXP 	Created unnamed ShapeStim = ShapeStim(__class__=<class 'psychopy.visual.shape.ShapeStim'>, autoDraw=False, autoLog=True, closeShape=False, color=method-wrapper(...), colorSpace='rgb', contrast=None, depth=0, fillColor=array([0, 0, 0]), fillColorSpace='rgb', fillRGB=array([0, 0, 0]), interpolate=True, lineColor=array([-1., -1., -1.]), lineColorSpace='rgb', lineRGB=array([-1., -1., -1.]), lineWidth=3.0, name='unnamed ShapeStim', opacity=0.5, ori=0.0, pos=array([0., 0.]), size=array([1., 1.]), units='pix', vertices=ndarray(...), win=Window(...), windingRule=None)
11.2241 	EXP 	Created unnamed ShapeStim = ShapeStim(__class__=<class 'psychopy.visual.shape.ShapeStim'>, autoDraw=False, autoLog=True, closeShape=False, color=method-wrapper(...), colorSpace='rgb', contrast=None, depth=0, fillColor=array([0, 0, 0]), fillColorSpace='rgb', fillRGB=array([0, 0, 0]), interpolate=True, lineColor=array([-1., -1., -1.]), lineColorSpace='rgb', lineRGB=array([-1., -1., -1.]), lineWidth=3.0, name='unnamed ShapeStim', opacity=0.5, ori=0.0, pos=array([0., 0.]), size=array([1., 1.]), units='pix', vertices=ndarray(...), win=Window(...), windingRule=None)
11.2263 	EXP 	Created unnamed ShapeStim = ShapeStim(__class__=<class 'psychopy.visual.shape.ShapeStim'>, autoDraw=False, autoLog=True, closeShape=False, color=method-wrapper(...), colorSpace='rgb', contrast=None, depth=0, fillColor=array([0, 0, 0]), fillColorSpace='rgb', fillRGB=array([0, 0, 0]), interpolate=True, lineColor=array([-1., -1., -1.]), lineColorSpace='rgb', lineRGB=array([-1., -1., -1.]), lineWidth=3.0, name='unnamed ShapeStim', opacity=0.5, ori=0.0, pos=array([0., 0.]), size=array([1., 1.]), units='pix', vertices=ndarray(...), win=Window(...), windingRule=None)
11.2284 	EXP 	Created unnamed ShapeStim = ShapeStim(__class__=<class 'psychopy.visual.shape.ShapeStim'>, autoDraw=False, autoLog=True, closeShape=False, color=method-wrapper(...), colorSpace='rgb', contrast=None, depth=0, fillColor=array([0, 0, 0]), fillColorSpace='rgb', fillRGB=array([0, 0, 0]), interpolate=True, lineColor=array([-1., -1., -1.]), lineColorSpace='rgb', lineRGB=array([-1., -1., -1.]), lineWidth=3.0, name='unnamed ShapeStim', opacity=0.5, ori=0.0, pos=array([0., 0.]), size=array([1., 1.]), units='pix', vertices=ndarray(...), win=Window(...), windingRule=None)
11.2288 	WARNING 	TextStim.alignHoriz is deprecated. Use alignText and anchorHoriz attributes instead
11.2857 	EXP 	Created topMsg = TextStim(__class__=<class 'psychopy.visual.text.TextStim'>, alignHoriz='center', alignText='center', alignVert=method-wrapper(...), anchorHoriz='center', anchorVert='center', antialias=True, autoLog=True, bold=False, color=array([-1., -1., -1.]), colorSpace='rgb', contrast=1.0, depth=0, flipHoriz=False, flipVert=False, font='', fontFiles=[], height=1, italic=False, languageStyle='LTR', name='topMsg', opacity=1.0, ori=0.0, pos=array([0., 0.]), rgb=UNKNOWN, text='aaa', units='deg', win=Window(...), wrapWidth=30)
11.2858 	WARNING 	TextStim.alignHoriz is deprecated. Use alignText and anchorHoriz attributes instead
11.2897 	EXP 	Created bottomMsg = TextStim(__class__=<class 'psychopy.visual.text.TextStim'>, alignHoriz='center', alignText='center', alignVert=method-wrapper(...), anchorHoriz='center', anchorVert='center', antialias=True, autoLog=True, bold=False, color=array([-1., -1., -1.]), colorSpace='rgb', contrast=1.0, depth=0, flipHoriz=False, flipVert=False, font='', fontFiles=[], height=1, italic=False, languageStyle='LTR', name='bottomMsg', opacity=1.0, ori=0.0, pos=array([  0., -10.]), rgb=UNKNOWN, text='bbb', units='deg', win=Window(...), wrapWidth=30)
11.2916 	EXP 	Created unnamed Rect = Rect(__class__=<class 'psychopy.visual.rect.Rect'>, autoDraw=False, autoLog=True, closeShape=True, color=method-wrapper(...), colorSpace='rgb', contrast=None, depth=0, fillColor=array([1, 1, 1]), fillColorSpace='rgb', fillRGB=array([1, 1, 1]), interpolate=True, lineColor=array([1., 1., 1.]), lineColorSpace='rgb', lineRGB=array([1, 1, 1]), lineWidth=1.5, name='unnamed Rect', opacity=1, ori=0.0, pos=array([-0.9, -0.9]), size=array([0.4, 0.4]), units='norm', vertices=ndarray(...), win=Window(...))
11.8385 	EXP 	win: mouseVisible = True
