5.2593 	WARNING 	We strongly recommend you activate the PTB sound engine in PsychoPy prefs as the preferred audio engine. Its timing is vastly superior. Your prefs are currently set to use ['sounddevice', 'PTB', 'pyo', 'pygame'] (in that order).
10.9881 	INFO 	---START PARAMETERS---
10.9881 	INFO 	filename: Sequence-1-1-10_30_1441
10.9882 	INFO 	subject: 1
10.9882 	INFO 	session: 1
10.9882 	INFO 	date: 10_30_1441
10.9882 	INFO 	beatTime: 0.75
10.9882 	INFO 	chanceOfRepeat: 0.5
10.9882 	INFO 	delayTime: 6.0
10.9882 	INFO 	fixCrossPos: (0, 0)
10.9882 	INFO 	fixCrossSize: 50
10.9883 	INFO 	fullScreen: True
10.9883 	INFO 	goSound: numbers/go.wav
10.9883 	INFO 	maxITI: 9.0
10.9883 	INFO 	minITI: 6.0
10.9883 	INFO 	nTrials: 3
10.9883 	INFO 	previewSound: numbers/next.wav
10.9883 	INFO 	promptType: Default
10.9883 	INFO 	randomizeOrder: True
10.9883 	INFO 	respKeys: ['1', '2']
10.9883 	INFO 	respTime: 3.0
10.9883 	INFO 	screenToShow: 0
10.9884 	INFO 	sequenceSounds: ['numbers/one.wav', 'numbers/two.wav', 'numbers/three.wav', 'numbers/four.wav']
10.9884 	INFO 	sequences: [[4, 3, 2, 1], [4, 3, 2, 2], [1, 4, 2, 3], [1, 4, 2, 4]]
10.9884 	INFO 	skipPrompts: False
10.9884 	INFO 	soundVolume: 1
10.9884 	INFO 	tStartup: 0.0
10.9884 	INFO 	trialTime: 3.0
10.9884 	INFO 	triggerKey: t
10.9884 	INFO 	usePhotodiode: False
10.9884 	INFO 	visHeight: 1
10.9884 	INFO 	wrapWidth: 30
10.9884 	INFO 	---END PARAMETERS---
12.5350 	INFO 	Loaded monitor calibration from ['2021_08_18 14:02']
12.5426 	WARNING 	User requested fullscreen with size [800 600], but screen is actually [1440, 900]. Using actual size
13.1725 	EXP 	Created win = Window(allowGUI=False, allowStencil=False, autoLog=True, backendConf=UNKNOWN, bitsMode=UNKNOWN, blendMode='avg', bpc=(8, 8, 8), color=array([0, 0, 0]), colorSpace='rgb', depthBits=8, fullscr=<method-wrapper '__getattribute__' of attributeSetter object at 0x7fdb03fc00d0>, gamma=None, gammaErrorPolicy='raise', lms=UNKNOWN, monitor=<psychopy.monitors.calibTools.Monitor object at 0x7fdb03cc0310>, multiSample=False, name='win', numSamples=2, pos=[0.0, 0.0], screen=0, size=array([1440,  900]), stencilBits=0, stereo=False, units='deg', useFBO=False, useRetina=False, viewOri=0.0, viewPos=None, viewScale=None, waitBlanking=True, winType='pyglet')
13.1729 	EXP 	win: mouseVisible = True
13.1814 	EXP 	Created unnamed ShapeStim = ShapeStim(__class__=<class 'psychopy.visual.shape.ShapeStim'>, autoDraw=False, autoLog=True, closeShape=False, color=method-wrapper(...), colorSpace='rgb', contrast=None, depth=0, fillColor=array([0, 0, 0]), fillColorSpace='rgb', fillRGB=array([0, 0, 0]), interpolate=True, lineColor=array([-1., -1., -1.]), lineColorSpace='rgb', lineRGB=array([-1., -1., -1.]), lineWidth=3.0, name='unnamed ShapeStim', opacity=0.5, ori=0.0, pos=array([0., 0.]), size=array([1., 1.]), units='pix', vertices=ndarray(...), win=Window(...), windingRule=None)
13.1860 	EXP 	Created unnamed ShapeStim = ShapeStim(__class__=<class 'psychopy.visual.shape.ShapeStim'>, autoDraw=False, autoLog=True, closeShape=False, color=method-wrapper(...), colorSpace='rgb', contrast=None, depth=0, fillColor=array([0, 0, 0]), fillColorSpace='rgb', fillRGB=array([0, 0, 0]), interpolate=True, lineColor=array([-1., -1., -1.]), lineColorSpace='rgb', lineRGB=array([-1., -1., -1.]), lineWidth=3.0, name='unnamed ShapeStim', opacity=0.5, ori=0.0, pos=array([0., 0.]), size=array([1., 1.]), units='pix', vertices=ndarray(...), win=Window(...), windingRule=None)
13.1887 	EXP 	Created unnamed ShapeStim = ShapeStim(__class__=<class 'psychopy.visual.shape.ShapeStim'>, autoDraw=False, autoLog=True, closeShape=False, color=method-wrapper(...), colorSpace='rgb', contrast=None, depth=0, fillColor=array([0, 0, 0]), fillColorSpace='rgb', fillRGB=array([0, 0, 0]), interpolate=True, lineColor=array([-1., -1., -1.]), lineColorSpace='rgb', lineRGB=array([-1., -1., -1.]), lineWidth=3.0, name='unnamed ShapeStim', opacity=0.5, ori=0.0, pos=array([0., 0.]), size=array([1., 1.]), units='pix', vertices=ndarray(...), win=Window(...), windingRule=None)
13.1908 	EXP 	Created unnamed ShapeStim = ShapeStim(__class__=<class 'psychopy.visual.shape.ShapeStim'>, autoDraw=False, autoLog=True, closeShape=False, color=method-wrapper(...), colorSpace='rgb', contrast=None, depth=0, fillColor=array([0, 0, 0]), fillColorSpace='rgb', fillRGB=array([0, 0, 0]), interpolate=True, lineColor=array([-1., -1., -1.]), lineColorSpace='rgb', lineRGB=array([-1., -1., -1.]), lineWidth=3.0, name='unnamed ShapeStim', opacity=0.5, ori=0.0, pos=array([0., 0.]), size=array([1., 1.]), units='pix', vertices=ndarray(...), win=Window(...), windingRule=None)
13.1930 	EXP 	Created unnamed ShapeStim = ShapeStim(__class__=<class 'psychopy.visual.shape.ShapeStim'>, autoDraw=False, autoLog=True, closeShape=False, color=method-wrapper(...), colorSpace='rgb', contrast=None, depth=0, fillColor=array([0, 0, 0]), fillColorSpace='rgb', fillRGB=array([0, 0, 0]), interpolate=True, lineColor=array([-1., -1., -1.]), lineColorSpace='rgb', lineRGB=array([-1., -1., -1.]), lineWidth=3.0, name='unnamed ShapeStim', opacity=0.5, ori=0.0, pos=array([0., 0.]), size=array([1., 1.]), units='pix', vertices=ndarray(...), win=Window(...), windingRule=None)
13.1934 	WARNING 	TextStim.alignHoriz is deprecated. Use alignText and anchorHoriz attributes instead
13.2496 	EXP 	Created topMsg = TextStim(__class__=<class 'psychopy.visual.text.TextStim'>, alignHoriz='center', alignText='center', alignVert=method-wrapper(...), anchorHoriz='center', anchorVert='center', antialias=True, autoLog=True, bold=False, color=array([-1., -1., -1.]), colorSpace='rgb', contrast=1.0, depth=0, flipHoriz=False, flipVert=False, font='', fontFiles=[], height=1, italic=False, languageStyle='LTR', name='topMsg', opacity=1.0, ori=0.0, pos=array([0., 0.]), rgb=UNKNOWN, text='aaa', units='deg', win=Window(...), wrapWidth=30)
13.2497 	WARNING 	TextStim.alignHoriz is deprecated. Use alignText and anchorHoriz attributes instead
13.2534 	EXP 	Created bottomMsg = TextStim(__class__=<class 'psychopy.visual.text.TextStim'>, alignHoriz='center', alignText='center', alignVert=method-wrapper(...), anchorHoriz='center', anchorVert='center', antialias=True, autoLog=True, bold=False, color=array([-1., -1., -1.]), colorSpace='rgb', contrast=1.0, depth=0, flipHoriz=False, flipVert=False, font='', fontFiles=[], height=1, italic=False, languageStyle='LTR', name='bottomMsg', opacity=1.0, ori=0.0, pos=array([  0., -10.]), rgb=UNKNOWN, text='bbb', units='deg', win=Window(...), wrapWidth=30)
13.2553 	EXP 	Created unnamed Rect = Rect(__class__=<class 'psychopy.visual.rect.Rect'>, autoDraw=False, autoLog=True, closeShape=True, color=method-wrapper(...), colorSpace='rgb', contrast=None, depth=0, fillColor=array([1, 1, 1]), fillColorSpace='rgb', fillRGB=array([1, 1, 1]), interpolate=True, lineColor=array([1., 1., 1.]), lineColorSpace='rgb', lineRGB=array([1, 1, 1]), lineWidth=1.5, name='unnamed Rect', opacity=1, ori=0.0, pos=array([-0.9, -0.9]), size=array([0.4, 0.4]), units='norm', vertices=ndarray(...), win=Window(...))
13.8036 	EXP 	win: mouseVisible = True
