4.1841 	WARNING 	We strongly recommend you activate the PTB sound engine in PsychoPy prefs as the preferred audio engine. Its timing is vastly superior. Your prefs are currently set to use ['sounddevice', 'PTB', 'pyo', 'pygame'] (in that order).
8.7078 	INFO 	---START PARAMETERS---
8.7079 	INFO 	filename: Sequence-1-1-10_30_1445
8.7079 	INFO 	subject: 1
8.7079 	INFO 	session: 1
8.7079 	INFO 	date: 10_30_1445
8.7079 	INFO 	beatTime: 0.75
8.7079 	INFO 	chanceOfRepeat: 0.5
8.7079 	INFO 	delayTime: 6.0
8.7080 	INFO 	fixCrossPos: (0, 0)
8.7080 	INFO 	fixCrossSize: 50
8.7080 	INFO 	fullScreen: True
8.7080 	INFO 	goSound: numbers/go.wav
8.7080 	INFO 	maxITI: 9.0
8.7080 	INFO 	minITI: 6.0
8.7080 	INFO 	nTrials: 3
8.7080 	INFO 	previewSound: numbers/next.wav
8.7080 	INFO 	promptType: Default
8.7080 	INFO 	randomizeOrder: True
8.7080 	INFO 	respKeys: ['1', '2']
8.7080 	INFO 	respTime: 3.0
8.7080 	INFO 	screenToShow: 0
8.7080 	INFO 	sequenceSounds: ['numbers/one.wav', 'numbers/two.wav', 'numbers/three.wav', 'numbers/four.wav']
8.7080 	INFO 	sequences: [[4, 3, 2, 1], [4, 3, 2, 2], [1, 4, 2, 3], [1, 4, 2, 4]]
8.7081 	INFO 	skipPrompts: False
8.7081 	INFO 	soundVolume: 1
8.7081 	INFO 	tStartup: 0.0
8.7081 	INFO 	trialTime: 3.0
8.7081 	INFO 	triggerKey: t
8.7081 	INFO 	usePhotodiode: False
8.7081 	INFO 	visHeight: 1
8.7081 	INFO 	wrapWidth: 30
8.7081 	INFO 	---END PARAMETERS---
9.7646 	INFO 	Loaded monitor calibration from ['2021_08_18 14:02']
9.7708 	WARNING 	User requested fullscreen with size [800 600], but screen is actually [1440, 900]. Using actual size
10.3967 	EXP 	Created win = Window(allowGUI=False, allowStencil=False, autoLog=True, backendConf=UNKNOWN, bitsMode=UNKNOWN, blendMode='avg', bpc=(8, 8, 8), color=array([0, 0, 0]), colorSpace='rgb', depthBits=8, fullscr=<method-wrapper '__getattribute__' of attributeSetter object at 0x7f8f8cc403a0>, gamma=None, gammaErrorPolicy='raise', lms=UNKNOWN, monitor=<psychopy.monitors.calibTools.Monitor object at 0x7f8f8d1c5310>, multiSample=False, name='win', numSamples=2, pos=[0.0, 0.0], screen=0, size=array([1440,  900]), stencilBits=0, stereo=False, units='deg', useFBO=False, useRetina=False, viewOri=0.0, viewPos=None, viewScale=None, waitBlanking=True, winType='pyglet')
10.3971 	EXP 	win: mouseVisible = True
10.4051 	EXP 	Created unnamed ShapeStim = ShapeStim(__class__=<class 'psychopy.visual.shape.ShapeStim'>, autoDraw=False, autoLog=True, closeShape=False, color=method-wrapper(...), colorSpace='rgb', contrast=None, depth=0, fillColor=array([0, 0, 0]), fillColorSpace='rgb', fillRGB=array([0, 0, 0]), interpolate=True, lineColor=array([-1., -1., -1.]), lineColorSpace='rgb', lineRGB=array([-1., -1., -1.]), lineWidth=3.0, name='unnamed ShapeStim', opacity=0.5, ori=0.0, pos=array([0., 0.]), size=array([1., 1.]), units='pix', vertices=ndarray(...), win=Window(...), windingRule=None)
10.4090 	EXP 	Created unnamed ShapeStim = ShapeStim(__class__=<class 'psychopy.visual.shape.ShapeStim'>, autoDraw=False, autoLog=True, closeShape=False, color=method-wrapper(...), colorSpace='rgb', contrast=None, depth=0, fillColor=array([0, 0, 0]), fillColorSpace='rgb', fillRGB=array([0, 0, 0]), interpolate=True, lineColor=array([-1., -1., -1.]), lineColorSpace='rgb', lineRGB=array([-1., -1., -1.]), lineWidth=3.0, name='unnamed ShapeStim', opacity=0.5, ori=0.0, pos=array([0., 0.]), size=array([1., 1.]), units='pix', vertices=ndarray(...), win=Window(...), windingRule=None)
10.4125 	EXP 	Created unnamed ShapeStim = ShapeStim(__class__=<class 'psychopy.visual.shape.ShapeStim'>, autoDraw=False, autoLog=True, closeShape=False, color=method-wrapper(...), colorSpace='rgb', contrast=None, depth=0, fillColor=array([0, 0, 0]), fillColorSpace='rgb', fillRGB=array([0, 0, 0]), interpolate=True, lineColor=array([-1., -1., -1.]), lineColorSpace='rgb', lineRGB=array([-1., -1., -1.]), lineWidth=3.0, name='unnamed ShapeStim', opacity=0.5, ori=0.0, pos=array([0., 0.]), size=array([1., 1.]), units='pix', vertices=ndarray(...), win=Window(...), windingRule=None)
10.4146 	EXP 	Created unnamed ShapeStim = ShapeStim(__class__=<class 'psychopy.visual.shape.ShapeStim'>, autoDraw=False, autoLog=True, closeShape=False, color=method-wrapper(...), colorSpace='rgb', contrast=None, depth=0, fillColor=array([0, 0, 0]), fillColorSpace='rgb', fillRGB=array([0, 0, 0]), interpolate=True, lineColor=array([-1., -1., -1.]), lineColorSpace='rgb', lineRGB=array([-1., -1., -1.]), lineWidth=3.0, name='unnamed ShapeStim', opacity=0.5, ori=0.0, pos=array([0., 0.]), size=array([1., 1.]), units='pix', vertices=ndarray(...), win=Window(...), windingRule=None)
10.4167 	EXP 	Created unnamed ShapeStim = ShapeStim(__class__=<class 'psychopy.visual.shape.ShapeStim'>, autoDraw=False, autoLog=True, closeShape=False, color=method-wrapper(...), colorSpace='rgb', contrast=None, depth=0, fillColor=array([0, 0, 0]), fillColorSpace='rgb', fillRGB=array([0, 0, 0]), interpolate=True, lineColor=array([-1., -1., -1.]), lineColorSpace='rgb', lineRGB=array([-1., -1., -1.]), lineWidth=3.0, name='unnamed ShapeStim', opacity=0.5, ori=0.0, pos=array([0., 0.]), size=array([1., 1.]), units='pix', vertices=ndarray(...), win=Window(...), windingRule=None)
10.4171 	WARNING 	TextStim.alignHoriz is deprecated. Use alignText and anchorHoriz attributes instead
10.4778 	EXP 	Created topMsg = TextStim(__class__=<class 'psychopy.visual.text.TextStim'>, alignHoriz='center', alignText='center', alignVert=method-wrapper(...), anchorHoriz='center', anchorVert='center', antialias=True, autoLog=True, bold=False, color=array([-1., -1., -1.]), colorSpace='rgb', contrast=1.0, depth=0, flipHoriz=False, flipVert=False, font='', fontFiles=[], height=1, italic=False, languageStyle='LTR', name='topMsg', opacity=1.0, ori=0.0, pos=array([0., 0.]), rgb=UNKNOWN, text='aaa', units='deg', win=Window(...), wrapWidth=30)
10.4779 	WARNING 	TextStim.alignHoriz is deprecated. Use alignText and anchorHoriz attributes instead
10.4816 	EXP 	Created bottomMsg = TextStim(__class__=<class 'psychopy.visual.text.TextStim'>, alignHoriz='center', alignText='center', alignVert=method-wrapper(...), anchorHoriz='center', anchorVert='center', antialias=True, autoLog=True, bold=False, color=array([-1., -1., -1.]), colorSpace='rgb', contrast=1.0, depth=0, flipHoriz=False, flipVert=False, font='', fontFiles=[], height=1, italic=False, languageStyle='LTR', name='bottomMsg', opacity=1.0, ori=0.0, pos=array([  0., -10.]), rgb=UNKNOWN, text='bbb', units='deg', win=Window(...), wrapWidth=30)
10.4836 	EXP 	Created unnamed Rect = Rect(__class__=<class 'psychopy.visual.rect.Rect'>, autoDraw=False, autoLog=True, closeShape=True, color=method-wrapper(...), colorSpace='rgb', contrast=None, depth=0, fillColor=array([1, 1, 1]), fillColorSpace='rgb', fillRGB=array([1, 1, 1]), interpolate=True, lineColor=array([1., 1., 1.]), lineColorSpace='rgb', lineRGB=array([1, 1, 1]), lineWidth=1.5, name='unnamed Rect', opacity=1, ori=0.0, pos=array([-0.9, -0.9]), size=array([0.4, 0.4]), units='norm', vertices=ndarray(...), win=Window(...))
10.6169 	EXP 	Sound previewSound set volume 1.000
10.6193 	EXP 	Sound goSound set volume 1.000
10.6216 	EXP 	Sound sound1 set volume 1.000
10.6252 	EXP 	Sound sound2 set volume 1.000
10.6271 	EXP 	Sound sound3 set volume 1.000
10.6294 	EXP 	Sound sound4 set volume 1.000
10.6629 	EXP 	topMsg: text = "During this task, you will see a fixation cross that changes colors.Look directly at the cross while it's on the screen."
10.6629 	EXP 	bottomMsg: text = 'Press any key to continue.'
10.6629 	EXP 	Display Instructions1
12.7180 	DATA 	Keypress: return
14.7973 	DATA 	Mouse: Left button down, pos=(800,448)
14.8971 	DATA 	Mouse:  Left button up, pos=(800,448)
15.2639 	DATA 	Mouse: Left button down, pos=(694,287)
15.3638 	DATA 	Mouse:  Left button up, pos=(694,287)
15.5263 	DATA 	Keypress: q
16.2046 	EXP 	win: mouseVisible = True
