2.8853 	WARNING 	We strongly recommend you activate the PTB sound engine in PsychoPy prefs as the preferred audio engine. Its timing is vastly superior. Your prefs are currently set to use ['sounddevice', 'PTB', 'pyo', 'pygame'] (in that order).
10.4840 	INFO 	---START PARAMETERS---
10.4840 	INFO 	filename: Sequence-1-1-10_30_1446
10.4840 	INFO 	subject: 1
10.4840 	INFO 	session: 1
10.4840 	INFO 	date: 10_30_1446
10.4840 	INFO 	beatTime: 0.75
10.4840 	INFO 	chanceOfRepeat: 0.5
10.4841 	INFO 	delayTime: 6.0
10.4841 	INFO 	fixCrossPos: (0, 0)
10.4841 	INFO 	fixCrossSize: 50
10.4841 	INFO 	fullScreen: True
10.4841 	INFO 	goSound: numbers/go.wav
10.4841 	INFO 	maxITI: 9.0
10.4841 	INFO 	minITI: 6.0
10.4841 	INFO 	nTrials: 3
10.4841 	INFO 	previewSound: numbers/next.wav
10.4841 	INFO 	promptType: Default
10.4841 	INFO 	randomizeOrder: True
10.4841 	INFO 	respKeys: ['1', '2']
10.4841 	INFO 	respTime: 3.0
10.4841 	INFO 	screenToShow: 0
10.4841 	INFO 	sequenceSounds: ['numbers/one.wav', 'numbers/two.wav', 'numbers/three.wav', 'numbers/four.wav']
10.4841 	INFO 	sequences: [[4, 3, 2, 1], [4, 3, 2, 2], [1, 4, 2, 3], [1, 4, 2, 4]]
10.4842 	INFO 	skipPrompts: False
10.4842 	INFO 	soundVolume: 1
10.4842 	INFO 	tStartup: 0.0
10.4842 	INFO 	trialTime: 3.0
10.4842 	INFO 	triggerKey: t
10.4842 	INFO 	usePhotodiode: False
10.4842 	INFO 	visHeight: 1
10.4842 	INFO 	wrapWidth: 30
10.4842 	INFO 	---END PARAMETERS---
11.0258 	INFO 	Loaded monitor calibration from ['2021_08_18 14:02']
11.0289 	WARNING 	User requested fullscreen with size [800 600], but screen is actually [1440, 900]. Using actual size
11.6299 	EXP 	Created win = Window(allowGUI=False, allowStencil=False, autoLog=True, backendConf=UNKNOWN, bitsMode=UNKNOWN, blendMode='avg', bpc=(8, 8, 8), color=array([0, 0, 0]), colorSpace='rgb', depthBits=8, fullscr=<method-wrapper '__getattribute__' of attributeSetter object at 0x7faee5d43190>, gamma=None, gammaErrorPolicy='raise', lms=UNKNOWN, monitor=<psychopy.monitors.calibTools.Monitor object at 0x7faee61a72b0>, multiSample=False, name='win', numSamples=2, pos=[0.0, 0.0], screen=0, size=array([1440,  900]), stencilBits=0, stereo=False, units='deg', useFBO=False, useRetina=False, viewOri=0.0, viewPos=None, viewScale=None, waitBlanking=True, winType='pyglet')
11.6302 	EXP 	win: mouseVisible = True
11.6362 	EXP 	Created unnamed ShapeStim = ShapeStim(__class__=<class 'psychopy.visual.shape.ShapeStim'>, autoDraw=False, autoLog=True, closeShape=False, color=method-wrapper(...), colorSpace='rgb', contrast=None, depth=0, fillColor=array([0, 0, 0]), fillColorSpace='rgb', fillRGB=array([0, 0, 0]), interpolate=True, lineColor=array([-1., -1., -1.]), lineColorSpace='rgb', lineRGB=array([-1., -1., -1.]), lineWidth=3.0, name='unnamed ShapeStim', opacity=0.5, ori=0.0, pos=array([0., 0.]), size=array([1., 1.]), units='pix', vertices=ndarray(...), win=Window(...), windingRule=None)
11.6381 	EXP 	Created unnamed ShapeStim = ShapeStim(__class__=<class 'psychopy.visual.shape.ShapeStim'>, autoDraw=False, autoLog=True, closeShape=False, color=method-wrapper(...), colorSpace='rgb', contrast=None, depth=0, fillColor=array([0, 0, 0]), fillColorSpace='rgb', fillRGB=array([0, 0, 0]), interpolate=True, lineColor=array([-1., -1., -1.]), lineColorSpace='rgb', lineRGB=array([-1., -1., -1.]), lineWidth=3.0, name='unnamed ShapeStim', opacity=0.5, ori=0.0, pos=array([0., 0.]), size=array([1., 1.]), units='pix', vertices=ndarray(...), win=Window(...), windingRule=None)
11.6402 	EXP 	Created unnamed ShapeStim = ShapeStim(__class__=<class 'psychopy.visual.shape.ShapeStim'>, autoDraw=False, autoLog=True, closeShape=False, color=method-wrapper(...), colorSpace='rgb', contrast=None, depth=0, fillColor=array([0, 0, 0]), fillColorSpace='rgb', fillRGB=array([0, 0, 0]), interpolate=True, lineColor=array([-1., -1., -1.]), lineColorSpace='rgb', lineRGB=array([-1., -1., -1.]), lineWidth=3.0, name='unnamed ShapeStim', opacity=0.5, ori=0.0, pos=array([0., 0.]), size=array([1., 1.]), units='pix', vertices=ndarray(...), win=Window(...), windingRule=None)
11.6433 	EXP 	Created unnamed ShapeStim = ShapeStim(__class__=<class 'psychopy.visual.shape.ShapeStim'>, autoDraw=False, autoLog=True, closeShape=False, color=method-wrapper(...), colorSpace='rgb', contrast=None, depth=0, fillColor=array([0, 0, 0]), fillColorSpace='rgb', fillRGB=array([0, 0, 0]), interpolate=True, lineColor=array([-1., -1., -1.]), lineColorSpace='rgb', lineRGB=array([-1., -1., -1.]), lineWidth=3.0, name='unnamed ShapeStim', opacity=0.5, ori=0.0, pos=array([0., 0.]), size=array([1., 1.]), units='pix', vertices=ndarray(...), win=Window(...), windingRule=None)
11.6455 	EXP 	Created unnamed ShapeStim = ShapeStim(__class__=<class 'psychopy.visual.shape.ShapeStim'>, autoDraw=False, autoLog=True, closeShape=False, color=method-wrapper(...), colorSpace='rgb', contrast=None, depth=0, fillColor=array([0, 0, 0]), fillColorSpace='rgb', fillRGB=array([0, 0, 0]), interpolate=True, lineColor=array([-1., -1., -1.]), lineColorSpace='rgb', lineRGB=array([-1., -1., -1.]), lineWidth=3.0, name='unnamed ShapeStim', opacity=0.5, ori=0.0, pos=array([0., 0.]), size=array([1., 1.]), units='pix', vertices=ndarray(...), win=Window(...), windingRule=None)
11.6459 	WARNING 	TextStim.alignHoriz is deprecated. Use alignText and anchorHoriz attributes instead
11.7150 	EXP 	Created topMsg = TextStim(__class__=<class 'psychopy.visual.text.TextStim'>, alignHoriz='center', alignText='center', alignVert=method-wrapper(...), anchorHoriz='center', anchorVert='center', antialias=True, autoLog=True, bold=False, color=array([-1., -1., -1.]), colorSpace='rgb', contrast=1.0, depth=0, flipHoriz=False, flipVert=False, font='', fontFiles=[], height=1, italic=False, languageStyle='LTR', name='topMsg', opacity=1.0, ori=0.0, pos=array([0., 0.]), rgb=UNKNOWN, text='aaa', units='deg', win=Window(...), wrapWidth=30)
11.7151 	WARNING 	TextStim.alignHoriz is deprecated. Use alignText and anchorHoriz attributes instead
11.7188 	EXP 	Created bottomMsg = TextStim(__class__=<class 'psychopy.visual.text.TextStim'>, alignHoriz='center', alignText='center', alignVert=method-wrapper(...), anchorHoriz='center', anchorVert='center', antialias=True, autoLog=True, bold=False, color=array([-1., -1., -1.]), colorSpace='rgb', contrast=1.0, depth=0, flipHoriz=False, flipVert=False, font='', fontFiles=[], height=1, italic=False, languageStyle='LTR', name='bottomMsg', opacity=1.0, ori=0.0, pos=array([  0., -10.]), rgb=UNKNOWN, text='bbb', units='deg', win=Window(...), wrapWidth=30)
11.7207 	EXP 	Created unnamed Rect = Rect(__class__=<class 'psychopy.visual.rect.Rect'>, autoDraw=False, autoLog=True, closeShape=True, color=method-wrapper(...), colorSpace='rgb', contrast=None, depth=0, fillColor=array([1, 1, 1]), fillColorSpace='rgb', fillRGB=array([1, 1, 1]), interpolate=True, lineColor=array([1., 1., 1.]), lineColorSpace='rgb', lineRGB=array([1, 1, 1]), lineWidth=1.5, name='unnamed Rect', opacity=1, ori=0.0, pos=array([-0.9, -0.9]), size=array([0.4, 0.4]), units='norm', vertices=ndarray(...), win=Window(...))
11.8464 	EXP 	Sound previewSound set volume 1.000
11.8487 	EXP 	Sound goSound set volume 1.000
11.8514 	EXP 	Sound sound1 set volume 1.000
11.8543 	EXP 	Sound sound2 set volume 1.000
11.8582 	EXP 	Sound sound3 set volume 1.000
11.8622 	EXP 	Sound sound4 set volume 1.000
11.8971 	EXP 	topMsg: text = "During this task, you will see a fixation cross that changes colors.Look directly at the cross while it's on the screen."
11.8971 	EXP 	bottomMsg: text = 'Press any key to continue.'
11.8971 	EXP 	Display Instructions1
13.5072 	DATA 	Keypress: c
13.5217 	EXP 	topMsg: text = 'On each trial, you will feel two sequences of taps on your fingers. After the second sequence, the cross will turn yellow.'
13.5217 	EXP 	bottomMsg: text = 'Press any key to continue.'
13.5217 	EXP 	Display Instructions2
18.2970 	DATA 	Keypress: m
18.3270 	EXP 	topMsg: text = 'When the cross turns yellow, press 1 if the two sequences were the same and 2 if they were different.'
18.3270 	EXP 	bottomMsg: text = "WHEN YOU'RE READY TO BEGIN, press any key."
18.3270 	EXP 	Display Instructions3
20.6213 	DATA 	Keypress: m
20.6364 	EXP 	topMsg: text = 'Waiting for scanner to start...'
20.6364 	EXP 	bottomMsg: text = "(Press 'T' to override.)"
20.6364 	EXP 	Display WaitingForScanner
21.4409 	DATA 	Keypress: slash
21.5771 	DATA 	Keypress: t
21.5826 	EXP 	Display Fixation
21.5830 	EXP 	---START EXPERIMENT---
21.5830 	EXP 	Trial 0
21.5831 	EXP 	sequence 1: [4, 3, 2, 1]
21.5831 	EXP 	sequence 2: [4, 3, 2, 1]
21.5831 	EXP 	ITI: 6.491884186002436
21.5871 	EXP 	Display Fixation
28.0733 	EXP 	Display fixGreen
28.9234 	DATA 	Keypress: 4
29.1721 	DATA 	Keypress: 3
29.5900 	DATA 	Keypress: 2
30.3408 	DATA 	Keypress: 1
31.0726 	EXP 	Display fixBlue
31.3838 	DATA 	Keypress: 3
33.7898 	DATA 	Keypress: p
34.1266 	DATA 	Keypress: q
35.4989 	EXP 	win: mouseVisible = True
