3.9235 	WARNING 	We strongly recommend you activate the PTB sound engine in PsychoPy prefs as the preferred audio engine. Its timing is vastly superior. Your prefs are currently set to use ['sounddevice', 'PTB', 'pyo', 'pygame'] (in that order).
9.8635 	INFO 	---START PARAMETERS---
9.8636 	INFO 	filename: LetterOrderTask_d1-1-1-10_30_1224
9.8636 	INFO 	subject: 1
9.8636 	INFO 	session: 1
9.8637 	INFO 	date: 10_30_1224
9.8637 	INFO 	cueDur: 0.5
9.8637 	INFO 	cues: ['REMEMBER', 'ALPHABETIZE']
9.8637 	INFO 	fixCrossPos: [0, 0]
9.8637 	INFO 	fixCrossSize: 50
9.8637 	INFO 	fullScreen: True
9.8637 	INFO 	letters: ABCDEFGHIJKLMNOPQRSTUVWXYZ
9.8637 	INFO 	maxDelayDur: 18
9.8637 	INFO 	maxISI: 10
9.8637 	INFO 	minDelayDur: 12
9.8637 	INFO 	minISI: 5
9.8637 	INFO 	nLetters: 5
9.8637 	INFO 	nTrials: 10
9.8637 	INFO 	pauseDur: 1
9.8637 	INFO 	promptDir: Prompts/
9.8637 	INFO 	promptFile: LetterOrderPrompts.txt
9.8637 	INFO 	rememberProb: 0.5
9.8637 	INFO 	respAdvances: False
9.8638 	INFO 	respKeys: ['1', '2']
9.8638 	INFO 	screenColor: (128, 128, 128)
9.8638 	INFO 	screenToShow: 0
9.8638 	INFO 	skipPrompts: False
9.8638 	INFO 	stringDur: 2.5
9.8638 	INFO 	tCoolDown: 10
9.8638 	INFO 	tStartup: 10
9.8638 	INFO 	testDur: 1
9.8638 	INFO 	triggerKey: t
9.8638 	INFO 	trueProb: 0.5
9.8638 	INFO 	---END PARAMETERS---
10.8678 	INFO 	Loaded monitor calibration from ['2021_08_18 14:02']
11.5292 	EXP 	Created win = Window(allowGUI=False, allowStencil=False, autoLog=True, backendConf=UNKNOWN, bitsMode=UNKNOWN, blendMode='avg', bpc=(8, 8, 8), color=array([128, 128, 128]), colorSpace='rgb255', depthBits=8, fullscr=<method-wrapper '__getattribute__' of attributeSetter object at 0x7f7c14bf7820>, gamma=None, gammaErrorPolicy='raise', lms=UNKNOWN, monitor=<psychopy.monitors.calibTools.Monitor object at 0x7f7c1519b8e0>, multiSample=False, name='win', numSamples=2, pos=[0.0, 0.0], screen=0, size=array([1440,  900]), stencilBits=0, stereo=False, units='deg', useFBO=False, useRetina=False, viewOri=0.0, viewPos=None, viewScale=None, waitBlanking=True, winType='pyglet')
11.5294 	EXP 	win: mouseVisible = True
11.5390 	EXP 	Created fixCross = ShapeStim(__class__=<class 'psychopy.visual.shape.ShapeStim'>, autoDraw=False, autoLog=True, closeShape=False, color=method-wrapper(...), colorSpace='rgb', contrast=None, depth=0, fillColor=array([0, 0, 0]), fillColorSpace='rgb', fillRGB=array([0, 0, 0]), interpolate=True, lineColor=array([-1., -1., -1.]), lineColorSpace='rgb', lineRGB=array([-1., -1., -1.]), lineWidth=3.0, name='fixCross', opacity=0.5, ori=0.0, pos=array([0., 0.]), size=array([1., 1.]), units='pix', vertices=ndarray(...), win=Window(...), windingRule=None)
11.5393 	WARNING 	TextStim.alignHoriz is deprecated. Use alignText and anchorHoriz attributes instead
11.5900 	EXP 	Created topMsg = TextStim(__class__=<class 'psychopy.visual.text.TextStim'>, alignHoriz='center', alignText='center', alignVert=method-wrapper(...), anchorHoriz='center', anchorVert='center', antialias=True, autoLog=True, bold=False, color=array([-1., -1., -1.]), colorSpace='rgb', contrast=1.0, depth=0, flipHoriz=False, flipVert=False, font='', fontFiles=[], height=0.1, italic=False, languageStyle='LTR', name='topMsg', opacity=1.0, ori=0.0, pos=array([0. , 0.5]), rgb=UNKNOWN, text='aaa', units='norm', win=Window(...), wrapWidth=1.5)
11.5901 	WARNING 	TextStim.alignHoriz is deprecated. Use alignText and anchorHoriz attributes instead
11.5944 	EXP 	Created bottomMsg = TextStim(__class__=<class 'psychopy.visual.text.TextStim'>, alignHoriz='center', alignText='center', alignVert=method-wrapper(...), anchorHoriz='center', anchorVert='center', antialias=True, autoLog=True, bold=False, color=array([-1., -1., -1.]), colorSpace='rgb', contrast=1.0, depth=0, flipHoriz=False, flipVert=False, font='', fontFiles=[], height=0.1, italic=False, languageStyle='LTR', name='bottomMsg', opacity=1.0, ori=0.0, pos=array([ 0. , -0.5]), rgb=UNKNOWN, text='bbb', units='norm', win=Window(...), wrapWidth=1.5)
11.5944 	WARNING 	TextStim.alignHoriz is deprecated. Use alignText and anchorHoriz attributes instead
11.5980 	EXP 	Created mainText = TextStim(__class__=<class 'psychopy.visual.text.TextStim'>, alignHoriz='center', alignText='center', alignVert=method-wrapper(...), anchorHoriz='center', anchorVert='center', antialias=True, autoLog=True, bold=False, color=array([-1., -1., -1.]), colorSpace='rgb', contrast=1.0, depth=0, flipHoriz=False, flipVert=False, font='', fontFiles=[], height=0.1, italic=False, languageStyle='LTR', name='mainText', opacity=1.0, ori=0.0, pos=array([0., 0.]), rgb=UNKNOWN, text='bbb', units='norm', win=Window(...), wrapWidth=3.5)
11.6359 	EXP 	topMsg: text = 'You will see a cross and letters on the screen. Please look directly at the center of the screen (the spot where the cross appears) throughout the experiment.'
11.6359 	EXP 	bottomMsg: text = 'Press any button to continue.'
11.6359 	EXP 	Display Instructions1
12.4233 	DATA 	Keypress: return
12.4491 	EXP 	topMsg: text = "You will see a string of letters, then instructions indicating what you should do with them. If the instructions say 'REMEMBER', remember them in the order you saw them. If they say 'ALPHABETIZE', alphabetize the letters and and remember them in that order. "
12.4491 	EXP 	bottomMsg: text = 'Press any button to continue.'
12.4491 	EXP 	Display Instructions2
12.7845 	DATA 	Keypress: return
12.8067 	EXP 	topMsg: text = "After a delay period, you will see a question like F=3? If that letter was at that position (for F=3?, if F is the third letter in the list you're remembering), press '1'. Otherwise, press '2'. Respond as quickly and accurately as you can. If you're not sure, take your best guess."
12.8067 	EXP 	bottomMsg: text = 'Press any button to continue.'
12.8067 	EXP 	Display Instructions3
13.0106 	DATA 	Keypress: return
13.0266 	EXP 	topMsg: text = 'If you have any questions, please ask the experimenter now.'
13.0266 	EXP 	bottomMsg: text = 'WHEN YOU ARE READY TO BEGIN, press any button.'
13.0266 	EXP 	Display Instructions4
13.2084 	DATA 	Keypress: return
13.2184 	EXP 	topMsg: text = 'Waiting for scanner to start...'
13.2184 	EXP 	bottomMsg: text = "(Press 'T' to override.)"
13.2184 	EXP 	Display WaitingForScanner
13.5476 	DATA 	Keypress: return
14.0288 	DATA 	Keypress: rshift
14.1495 	DATA 	Keypress: t
14.1602 	EXP 	Display fixation
14.1602 	EXP 	---START EXPERIMENT---
14.1607 	EXP 	Trial 0: isRemember = 0, delayDur = 16.2, ISI = 9.2, startString = KHINE, testString = K=4?, isTrueTrial = 1
24.1563 	EXP 	mainText: text = 'KHINE'
24.1563 	EXP 	Display string (KHINE)
26.6528 	EXP 	Display fixation (pause)
27.6524 	EXP 	mainText: text = 'ALPHABETIZE'
27.6524 	EXP 	Display cue (ALPHABETIZE)
28.1521 	EXP 	Display fixation (delay)
44.3353 	EXP 	mainText: text = 'K=4?'
44.3353 	EXP 	Display test stim (K=4?)
45.3339 	EXP 	Display fixation (ISI)
45.3342 	EXP 	Trial 1: isRemember = 1, delayDur = 15.1, ISI = 5.3, startString = YTJAK, testString = J=3?, isTrueTrial = 1
54.5674 	EXP 	mainText: text = 'YTJAK'
54.5674 	EXP 	Display string (YTJAK)
57.0665 	EXP 	Display fixation (pause)
58.0658 	EXP 	mainText: text = 'REMEMBER'
58.0658 	EXP 	Display cue (REMEMBER)
58.5659 	EXP 	Display fixation (delay)
73.7116 	EXP 	mainText: text = 'J=3?'
73.7116 	EXP 	Display test stim (J=3?)
74.7113 	EXP 	Display fixation (ISI)
74.7119 	EXP 	Trial 2: isRemember = 0, delayDur = 17.7, ISI = 6.9, startString = YRWDH, testString = R=4?, isTrueTrial = 0
79.9774 	EXP 	mainText: text = 'YRWDH'
79.9774 	EXP 	Display string (YRWDH)
82.4760 	EXP 	Display fixation (pause)
83.4754 	EXP 	mainText: text = 'ALPHABETIZE'
83.4754 	EXP 	Display cue (ALPHABETIZE)
83.9752 	EXP 	Display fixation (delay)
101.6510 	EXP 	mainText: text = 'R=4?'
101.6510 	EXP 	Display test stim (R=4?)
102.6504 	EXP 	Display fixation (ISI)
102.6508 	EXP 	Trial 3: isRemember = 1, delayDur = 17.0, ISI = 6.8, startString = XRZMF, testString = F=4?, isTrueTrial = 0
109.5206 	EXP 	mainText: text = 'XRZMF'
109.5206 	EXP 	Display string (XRZMF)
112.0181 	DATA 	Keypress: o
112.0205 	DATA 	Keypress: p
112.0224 	DATA 	Keypress: p
112.0236 	DATA 	Keypress: q
112.0248 	DATA 	Keypress: q
112.0279 	EXP 	Display fixation (pause)
113.0192 	EXP 	mainText: text = 'REMEMBER'
113.0192 	EXP 	Display cue (REMEMBER)
113.5189 	EXP 	Display fixation (delay)
130.4695 	DATA 	Keypress: return
130.4709 	DATA 	Keypress: return
130.4723 	DATA 	Keypress: p
130.4748 	DATA 	Keypress: q
130.4761 	DATA 	Keypress: p
130.4774 	DATA 	Keypress: q
130.4787 	DATA 	Keypress: p
130.4839 	EXP 	mainText: text = 'F=4?'
130.4839 	EXP 	Display test stim (F=4?)
130.5015 	EXP 	topMsg: text = "That's the end! "
130.5015 	EXP 	bottomMsg: text = "Press 'q' or 'escape' to end the session."
130.5015 	EXP 	Display TheEnd
134.3296 	DATA 	Keypress: q
134.8806 	EXP 	win: mouseVisible = True
